{"meta": {"format": 3, "version": "7.8.0", "timestamp": "2025-09-08T17:34:30.909516", "branch_coverage": false, "show_contexts": false}, "files": {"focus_guard\\core\\activity\\browser\\extension_integration.py": {"executed_lines": [], "summary": {"covered_lines": 0, "num_statements": 81, "percent_covered": 0.0, "percent_covered_display": "0", "missing_lines": 81, "excluded_lines": 0}, "missing_lines": [8, 9, 10, 11, 13, 16, 24, 33, 34, 35, 36, 37, 39, 40, 47, 48, 50, 51, 52, 53, 54, 55, 56, 58, 67, 68, 70, 72, 73, 75, 84, 85, 86, 89, 90, 92, 95, 96, 97, 98, 99, 101, 102, 103, 104, 106, 107, 110, 112, 124, 126, 127, 128, 129, 131, 132, 133, 136, 137, 139, 151, 152, 153, 154, 155, 158, 159, 160, 167, 168, 170, 171, 172, 173, 175, 177, 178, 179, 180, 181, 183], "excluded_lines": [], "functions": {"BrowserExtensionIntegration.__init__": {"executed_lines": [], "summary": {"covered_lines": 0, "num_statements": 5, "percent_covered": 0.0, "percent_covered_display": "0", "missing_lines": 5, "excluded_lines": 0}, "missing_lines": [33, 34, 35, 36, 37], "excluded_lines": []}, "BrowserExtensionIntegration.browser_integration": {"executed_lines": [], "summary": {"covered_lines": 0, "num_statements": 9, "percent_covered": 0.0, "percent_covered_display": "0", "missing_lines": 9, "excluded_lines": 0}, "missing_lines": [47, 48, 50, 51, 52, 53, 54, 55, 56], "excluded_lines": []}, "BrowserExtensionIntegration.get_active_tab": {"executed_lines": [], "summary": {"covered_lines": 0, "num_statements": 5, "percent_covered": 0.0, "percent_covered_display": "0", "missing_lines": 5, "excluded_lines": 0}, "missing_lines": [67, 68, 70, 72, 73], "excluded_lines": []}, "BrowserExtensionIntegration.get_all_tabs": {"executed_lines": [], "summary": {"covered_lines": 0, "num_statements": 18, "percent_covered": 0.0, "percent_covered_display": "0", "missing_lines": 18, "excluded_lines": 0}, "missing_lines": [84, 85, 86, 89, 90, 92, 95, 96, 97, 98, 99, 101, 102, 103, 104, 106, 107, 110], "excluded_lines": []}, "BrowserExtensionIntegration._get_tabs_fallback": {"executed_lines": [], "summary": {"covered_lines": 0, "num_statements": 10, "percent_covered": 0.0, "percent_covered_display": "0", "missing_lines": 10, "excluded_lines": 0}, "missing_lines": [124, 126, 127, 128, 129, 131, 132, 133, 136, 137], "excluded_lines": []}, "BrowserExtensionIntegration.close_tab": {"executed_lines": [], "summary": {"covered_lines": 0, "num_statements": 21, "percent_covered": 0.0, "percent_covered_display": "0", "missing_lines": 21, "excluded_lines": 0}, "missing_lines": [151, 152, 153, 154, 155, 158, 159, 160, 167, 168, 170, 171, 172, 173, 175, 177, 178, 179, 180, 181, 183], "excluded_lines": []}, "": {"executed_lines": [], "summary": {"covered_lines": 0, "num_statements": 13, "percent_covered": 0.0, "percent_covered_display": "0", "missing_lines": 13, "excluded_lines": 0}, "missing_lines": [8, 9, 10, 11, 13, 16, 24, 39, 40, 58, 75, 112, 139], "excluded_lines": []}}, "classes": {"BrowserExtensionIntegration": {"executed_lines": [], "summary": {"covered_lines": 0, "num_statements": 68, "percent_covered": 0.0, "percent_covered_display": "0", "missing_lines": 68, "excluded_lines": 0}, "missing_lines": [33, 34, 35, 36, 37, 47, 48, 50, 51, 52, 53, 54, 55, 56, 67, 68, 70, 72, 73, 84, 85, 86, 89, 90, 92, 95, 96, 97, 98, 99, 101, 102, 103, 104, 106, 107, 110, 124, 126, 127, 128, 129, 131, 132, 133, 136, 137, 151, 152, 153, 154, 155, 158, 159, 160, 167, 168, 170, 171, 172, 173, 175, 177, 178, 179, 180, 181, 183], "excluded_lines": []}, "": {"executed_lines": [], "summary": {"covered_lines": 0, "num_statements": 13, "percent_covered": 0.0, "percent_covered_display": "0", "missing_lines": 13, "excluded_lines": 0}, "missing_lines": [8, 9, 10, 11, 13, 16, 24, 39, 40, 58, 75, 112, 139], "excluded_lines": []}}}, "focus_guard\\core\\activity\\browser\\logger.py": {"executed_lines": [], "summary": {"covered_lines": 0, "num_statements": 152, "percent_covered": 0.0, "percent_covered_display": "0", "missing_lines": 152, "excluded_lines": 0}, "missing_lines": [8, 9, 10, 11, 12, 13, 14, 15, 17, 18, 19, 22, 33, 45, 46, 47, 48, 51, 52, 54, 55, 58, 61, 62, 65, 68, 70, 72, 75, 76, 79, 80, 83, 84, 87, 89, 96, 97, 98, 99, 101, 109, 110, 111, 112, 114, 116, 127, 128, 129, 131, 132, 133, 134, 135, 138, 139, 142, 150, 151, 154, 155, 157, 158, 159, 160, 162, 164, 167, 168, 170, 171, 172, 174, 176, 184, 186, 187, 188, 189, 190, 191, 193, 196, 199, 200, 201, 202, 204, 206, 208, 209, 210, 213, 214, 217, 218, 219, 221, 222, 223, 225, 227, 228, 229, 231, 232, 233, 234, 235, 237, 239, 240, 241, 243, 244, 245, 246, 248, 255, 257, 267, 268, 270, 277, 279, 280, 282, 283, 286, 287, 288, 291, 292, 293, 294, 295, 296, 300, 302, 313, 314, 315, 318, 328, 329, 332, 340, 341, 344, 346, 347], "excluded_lines": [], "functions": {"BrowserActivityLogger.__init__": {"executed_lines": [], "summary": {"covered_lines": 0, "num_statements": 13, "percent_covered": 0.0, "percent_covered_display": "0", "missing_lines": 13, "excluded_lines": 0}, "missing_lines": [45, 46, 47, 48, 51, 52, 54, 55, 58, 61, 62, 65, 68], "excluded_lines": []}, "BrowserActivityLogger._configure_logger": {"executed_lines": [], "summary": {"covered_lines": 0, "num_statements": 8, "percent_covered": 0.0, "percent_covered_display": "0", "missing_lines": 8, "excluded_lines": 0}, "missing_lines": [72, 75, 76, 79, 80, 83, 84, 87], "excluded_lines": []}, "BrowserActivityLogger._get_current_log_paths": {"executed_lines": [], "summary": {"covered_lines": 0, "num_statements": 4, "percent_covered": 0.0, "percent_covered_display": "0", "missing_lines": 4, "excluded_lines": 0}, "missing_lines": [96, 97, 98, 99], "excluded_lines": []}, "BrowserActivityLogger.get_current_log_path": {"executed_lines": [], "summary": {"covered_lines": 0, "num_statements": 5, "percent_covered": 0.0, "percent_covered_display": "0", "missing_lines": 5, "excluded_lines": 0}, "missing_lines": [109, 110, 111, 112, 114], "excluded_lines": []}, "BrowserActivityLogger.log_tab_activity": {"executed_lines": [], "summary": {"covered_lines": 0, "num_statements": 27, "percent_covered": 0.0, "percent_covered_display": "0", "missing_lines": 27, "excluded_lines": 0}, "missing_lines": [127, 128, 129, 131, 132, 133, 134, 135, 138, 139, 142, 150, 151, 154, 155, 157, 158, 159, 160, 162, 164, 167, 168, 170, 171, 172, 174], "excluded_lines": []}, "BrowserActivityLogger._append_to_json_log": {"executed_lines": [], "summary": {"covered_lines": 0, "num_statements": 13, "percent_covered": 0.0, "percent_covered_display": "0", "missing_lines": 13, "excluded_lines": 0}, "missing_lines": [184, 186, 187, 188, 189, 190, 191, 193, 196, 199, 200, 201, 202], "excluded_lines": []}, "BrowserActivityLogger._monitoring_loop": {"executed_lines": [], "summary": {"covered_lines": 0, "num_statements": 12, "percent_covered": 0.0, "percent_covered_display": "0", "missing_lines": 12, "excluded_lines": 0}, "missing_lines": [206, 208, 209, 210, 213, 214, 217, 218, 219, 221, 222, 223], "excluded_lines": []}, "BrowserActivityLogger.start": {"executed_lines": [], "summary": {"covered_lines": 0, "num_statements": 8, "percent_covered": 0.0, "percent_covered_display": "0", "missing_lines": 8, "excluded_lines": 0}, "missing_lines": [227, 228, 229, 231, 232, 233, 234, 235], "excluded_lines": []}, "BrowserActivityLogger.stop": {"executed_lines": [], "summary": {"covered_lines": 0, "num_statements": 7, "percent_covered": 0.0, "percent_covered_display": "0", "missing_lines": 7, "excluded_lines": 0}, "missing_lines": [239, 240, 241, 243, 244, 245, 246], "excluded_lines": []}, "BrowserActivityLogger.get_available_logs": {"executed_lines": [], "summary": {"covered_lines": 0, "num_statements": 1, "percent_covered": 0.0, "percent_covered_display": "0", "missing_lines": 1, "excluded_lines": 0}, "missing_lines": [255], "excluded_lines": []}, "BrowserActivityLogger.get_log_for_date": {"executed_lines": [], "summary": {"covered_lines": 0, "num_statements": 2, "percent_covered": 0.0, "percent_covered_display": "0", "missing_lines": 2, "excluded_lines": 0}, "missing_lines": [267, 268], "excluded_lines": []}, "BrowserActivityLogger.clean_old_logs": {"executed_lines": [], "summary": {"covered_lines": 0, "num_statements": 14, "percent_covered": 0.0, "percent_covered_display": "0", "missing_lines": 14, "excluded_lines": 0}, "missing_lines": [277, 279, 280, 282, 283, 286, 287, 288, 291, 292, 293, 294, 295, 296], "excluded_lines": []}, "get_browser_activity_logger": {"executed_lines": [], "summary": {"covered_lines": 0, "num_statements": 3, "percent_covered": 0.0, "percent_covered_display": "0", "missing_lines": 3, "excluded_lines": 0}, "missing_lines": [313, 314, 315], "excluded_lines": []}, "log_tab_activity": {"executed_lines": [], "summary": {"covered_lines": 0, "num_statements": 2, "percent_covered": 0.0, "percent_covered_display": "0", "missing_lines": 2, "excluded_lines": 0}, "missing_lines": [328, 329], "excluded_lines": []}, "start_browser_activity_logging": {"executed_lines": [], "summary": {"covered_lines": 0, "num_statements": 2, "percent_covered": 0.0, "percent_covered_display": "0", "missing_lines": 2, "excluded_lines": 0}, "missing_lines": [340, 341], "excluded_lines": []}, "stop_browser_activity_logging": {"executed_lines": [], "summary": {"covered_lines": 0, "num_statements": 2, "percent_covered": 0.0, "percent_covered_display": "0", "missing_lines": 2, "excluded_lines": 0}, "missing_lines": [346, 347], "excluded_lines": []}, "": {"executed_lines": [], "summary": {"covered_lines": 0, "num_statements": 29, "percent_covered": 0.0, "percent_covered_display": "0", "missing_lines": 29, "excluded_lines": 0}, "missing_lines": [8, 9, 10, 11, 12, 13, 14, 15, 17, 18, 19, 22, 33, 70, 89, 101, 116, 176, 204, 225, 237, 248, 257, 270, 300, 302, 318, 332, 344], "excluded_lines": []}}, "classes": {"BrowserActivityLogger": {"executed_lines": [], "summary": {"covered_lines": 0, "num_statements": 114, "percent_covered": 0.0, "percent_covered_display": "0", "missing_lines": 114, "excluded_lines": 0}, "missing_lines": [45, 46, 47, 48, 51, 52, 54, 55, 58, 61, 62, 65, 68, 72, 75, 76, 79, 80, 83, 84, 87, 96, 97, 98, 99, 109, 110, 111, 112, 114, 127, 128, 129, 131, 132, 133, 134, 135, 138, 139, 142, 150, 151, 154, 155, 157, 158, 159, 160, 162, 164, 167, 168, 170, 171, 172, 174, 184, 186, 187, 188, 189, 190, 191, 193, 196, 199, 200, 201, 202, 206, 208, 209, 210, 213, 214, 217, 218, 219, 221, 222, 223, 227, 228, 229, 231, 232, 233, 234, 235, 239, 240, 241, 243, 244, 245, 246, 255, 267, 268, 277, 279, 280, 282, 283, 286, 287, 288, 291, 292, 293, 294, 295, 296], "excluded_lines": []}, "": {"executed_lines": [], "summary": {"covered_lines": 0, "num_statements": 38, "percent_covered": 0.0, "percent_covered_display": "0", "missing_lines": 38, "excluded_lines": 0}, "missing_lines": [8, 9, 10, 11, 12, 13, 14, 15, 17, 18, 19, 22, 33, 70, 89, 101, 116, 176, 204, 225, 237, 248, 257, 270, 300, 302, 313, 314, 315, 318, 328, 329, 332, 340, 341, 344, 346, 347], "excluded_lines": []}}}, "focus_guard\\core\\activity\\browser\\tab_monitor.py": {"executed_lines": [], "summary": {"covered_lines": 0, "num_statements": 36, "percent_covered": 0.0, "percent_covered_display": "0", "missing_lines": 36, "excluded_lines": 0}, "missing_lines": [8, 9, 11, 14, 22, 28, 30, 31, 38, 39, 40, 41, 42, 43, 44, 45, 47, 63, 64, 65, 66, 67, 68, 70, 79, 80, 81, 82, 83, 84, 86, 97, 98, 100, 111, 112], "excluded_lines": [], "functions": {"BrowserTabMonitor.__init__": {"executed_lines": [], "summary": {"covered_lines": 0, "num_statements": 1, "percent_covered": 0.0, "percent_covered_display": "0", "missing_lines": 1, "excluded_lines": 0}, "missing_lines": [28], "excluded_lines": []}, "BrowserTabMonitor.extension_integration": {"executed_lines": [], "summary": {"covered_lines": 0, "num_statements": 8, "percent_covered": 0.0, "percent_covered_display": "0", "missing_lines": 8, "excluded_lines": 0}, "missing_lines": [38, 39, 40, 41, 42, 43, 44, 45], "excluded_lines": []}, "BrowserTabMonitor.get_active_tab": {"executed_lines": [], "summary": {"covered_lines": 0, "num_statements": 6, "percent_covered": 0.0, "percent_covered_display": "0", "missing_lines": 6, "excluded_lines": 0}, "missing_lines": [63, 64, 65, 66, 67, 68], "excluded_lines": []}, "BrowserTabMonitor.get_all_tabs": {"executed_lines": [], "summary": {"covered_lines": 0, "num_statements": 6, "percent_covered": 0.0, "percent_covered_display": "0", "missing_lines": 6, "excluded_lines": 0}, "missing_lines": [79, 80, 81, 82, 83, 84], "excluded_lines": []}, "BrowserTabMonitor.get_tabs_by_browser": {"executed_lines": [], "summary": {"covered_lines": 0, "num_statements": 2, "percent_covered": 0.0, "percent_covered_display": "0", "missing_lines": 2, "excluded_lines": 0}, "missing_lines": [97, 98], "excluded_lines": []}, "BrowserTabMonitor.get_tabs_by_domain": {"executed_lines": [], "summary": {"covered_lines": 0, "num_statements": 2, "percent_covered": 0.0, "percent_covered_display": "0", "missing_lines": 2, "excluded_lines": 0}, "missing_lines": [111, 112], "excluded_lines": []}, "": {"executed_lines": [], "summary": {"covered_lines": 0, "num_statements": 11, "percent_covered": 0.0, "percent_covered_display": "0", "missing_lines": 11, "excluded_lines": 0}, "missing_lines": [8, 9, 11, 14, 22, 30, 31, 47, 70, 86, 100], "excluded_lines": []}}, "classes": {"BrowserTabMonitor": {"executed_lines": [], "summary": {"covered_lines": 0, "num_statements": 25, "percent_covered": 0.0, "percent_covered_display": "0", "missing_lines": 25, "excluded_lines": 0}, "missing_lines": [28, 38, 39, 40, 41, 42, 43, 44, 45, 63, 64, 65, 66, 67, 68, 79, 80, 81, 82, 83, 84, 97, 98, 111, 112], "excluded_lines": []}, "": {"executed_lines": [], "summary": {"covered_lines": 0, "num_statements": 11, "percent_covered": 0.0, "percent_covered_display": "0", "missing_lines": 11, "excluded_lines": 0}, "missing_lines": [8, 9, 11, 14, 22, 30, 31, 47, 70, 86, 100], "excluded_lines": []}}}, "focus_guard\\core\\activity\\coordinator.py": {"executed_lines": [], "summary": {"covered_lines": 0, "num_statements": 152, "percent_covered": 0.0, "percent_covered_display": "0", "missing_lines": 152, "excluded_lines": 0}, "missing_lines": [8, 9, 10, 11, 12, 13, 14, 15, 17, 21, 27, 39, 49, 52, 53, 55, 56, 59, 62, 63, 66, 71, 77, 78, 79, 81, 83, 86, 87, 90, 91, 94, 95, 98, 100, 102, 103, 104, 106, 109, 110, 113, 114, 115, 117, 119, 121, 122, 123, 125, 126, 129, 130, 133, 134, 135, 137, 139, 141, 142, 143, 145, 146, 147, 149, 150, 152, 154, 155, 156, 158, 159, 160, 162, 163, 165, 167, 168, 170, 172, 175, 178, 179, 180, 181, 183, 190, 192, 193, 196, 197, 199, 200, 201, 203, 215, 218, 219, 222, 231, 233, 235, 242, 244, 245, 248, 249, 250, 251, 252, 253, 255, 258, 261, 262, 264, 265, 266, 268, 276, 279, 282, 284, 285, 286, 288, 289, 292, 293, 294, 295, 296, 300, 302, 313, 314, 315, 318, 326, 327, 330, 332, 333, 336, 338, 339, 342, 344, 345, 348, 359, 360], "excluded_lines": [], "functions": {"ActivityLoggingCoordinator.__init__": {"executed_lines": [], "summary": {"covered_lines": 0, "num_statements": 13, "percent_covered": 0.0, "percent_covered_display": "0", "missing_lines": 13, "excluded_lines": 0}, "missing_lines": [49, 52, 53, 55, 56, 59, 62, 63, 66, 71, 77, 78, 79], "excluded_lines": []}, "ActivityLoggingCoordinator._configure_logger": {"executed_lines": [], "summary": {"covered_lines": 0, "num_statements": 8, "percent_covered": 0.0, "percent_covered_display": "0", "missing_lines": 8, "excluded_lines": 0}, "missing_lines": [83, 86, 87, 90, 91, 94, 95, 98], "excluded_lines": []}, "ActivityLoggingCoordinator.start": {"executed_lines": [], "summary": {"covered_lines": 0, "num_statements": 10, "percent_covered": 0.0, "percent_covered_display": "0", "missing_lines": 10, "excluded_lines": 0}, "missing_lines": [102, 103, 104, 106, 109, 110, 113, 114, 115, 117], "excluded_lines": []}, "ActivityLoggingCoordinator.stop": {"executed_lines": [], "summary": {"covered_lines": 0, "num_statements": 11, "percent_covered": 0.0, "percent_covered_display": "0", "missing_lines": 11, "excluded_lines": 0}, "missing_lines": [121, 122, 123, 125, 126, 129, 130, 133, 134, 135, 137], "excluded_lines": []}, "ActivityLoggingCoordinator.pause": {"executed_lines": [], "summary": {"covered_lines": 0, "num_statements": 8, "percent_covered": 0.0, "percent_covered_display": "0", "missing_lines": 8, "excluded_lines": 0}, "missing_lines": [141, 142, 143, 145, 146, 147, 149, 150], "excluded_lines": []}, "ActivityLoggingCoordinator.resume": {"executed_lines": [], "summary": {"covered_lines": 0, "num_statements": 8, "percent_covered": 0.0, "percent_covered_display": "0", "missing_lines": 8, "excluded_lines": 0}, "missing_lines": [154, 155, 156, 158, 159, 160, 162, 163], "excluded_lines": []}, "ActivityLoggingCoordinator._coordination_loop": {"executed_lines": [], "summary": {"covered_lines": 0, "num_statements": 9, "percent_covered": 0.0, "percent_covered_display": "0", "missing_lines": 9, "excluded_lines": 0}, "missing_lines": [167, 168, 170, 172, 175, 178, 179, 180, 181], "excluded_lines": []}, "ActivityLoggingCoordinator._log_coordination_event": {"executed_lines": [], "summary": {"covered_lines": 0, "num_statements": 8, "percent_covered": 0.0, "percent_covered_display": "0", "missing_lines": 8, "excluded_lines": 0}, "missing_lines": [190, 192, 193, 196, 197, 199, 200, 201], "excluded_lines": []}, "ActivityLoggingCoordinator.log_snapshot": {"executed_lines": [], "summary": {"covered_lines": 0, "num_statements": 6, "percent_covered": 0.0, "percent_covered_display": "0", "missing_lines": 6, "excluded_lines": 0}, "missing_lines": [215, 218, 219, 222, 231, 233], "excluded_lines": []}, "ActivityLoggingCoordinator._log_snapshot": {"executed_lines": [], "summary": {"covered_lines": 0, "num_statements": 16, "percent_covered": 0.0, "percent_covered_display": "0", "missing_lines": 16, "excluded_lines": 0}, "missing_lines": [242, 244, 245, 248, 249, 250, 251, 252, 253, 255, 258, 261, 262, 264, 265, 266], "excluded_lines": []}, "ActivityLoggingCoordinator.clean_old_logs": {"executed_lines": [], "summary": {"covered_lines": 0, "num_statements": 13, "percent_covered": 0.0, "percent_covered_display": "0", "missing_lines": 13, "excluded_lines": 0}, "missing_lines": [276, 279, 282, 284, 285, 286, 288, 289, 292, 293, 294, 295, 296], "excluded_lines": []}, "get_activity_coordinator": {"executed_lines": [], "summary": {"covered_lines": 0, "num_statements": 3, "percent_covered": 0.0, "percent_covered_display": "0", "missing_lines": 3, "excluded_lines": 0}, "missing_lines": [313, 314, 315], "excluded_lines": []}, "start_coordinated_logging": {"executed_lines": [], "summary": {"covered_lines": 0, "num_statements": 2, "percent_covered": 0.0, "percent_covered_display": "0", "missing_lines": 2, "excluded_lines": 0}, "missing_lines": [326, 327], "excluded_lines": []}, "stop_coordinated_logging": {"executed_lines": [], "summary": {"covered_lines": 0, "num_statements": 2, "percent_covered": 0.0, "percent_covered_display": "0", "missing_lines": 2, "excluded_lines": 0}, "missing_lines": [332, 333], "excluded_lines": []}, "pause_activity_logging": {"executed_lines": [], "summary": {"covered_lines": 0, "num_statements": 2, "percent_covered": 0.0, "percent_covered_display": "0", "missing_lines": 2, "excluded_lines": 0}, "missing_lines": [338, 339], "excluded_lines": []}, "resume_activity_logging": {"executed_lines": [], "summary": {"covered_lines": 0, "num_statements": 2, "percent_covered": 0.0, "percent_covered_display": "0", "missing_lines": 2, "excluded_lines": 0}, "missing_lines": [344, 345], "excluded_lines": []}, "take_activity_snapshot": {"executed_lines": [], "summary": {"covered_lines": 0, "num_statements": 2, "percent_covered": 0.0, "percent_covered_display": "0", "missing_lines": 2, "excluded_lines": 0}, "missing_lines": [359, 360], "excluded_lines": []}, "": {"executed_lines": [], "summary": {"covered_lines": 0, "num_statements": 29, "percent_covered": 0.0, "percent_covered_display": "0", "missing_lines": 29, "excluded_lines": 0}, "missing_lines": [8, 9, 10, 11, 12, 13, 14, 15, 17, 21, 27, 39, 81, 100, 119, 139, 152, 165, 183, 203, 235, 268, 300, 302, 318, 330, 336, 342, 348], "excluded_lines": []}}, "classes": {"ActivityLoggingCoordinator": {"executed_lines": [], "summary": {"covered_lines": 0, "num_statements": 110, "percent_covered": 0.0, "percent_covered_display": "0", "missing_lines": 110, "excluded_lines": 0}, "missing_lines": [49, 52, 53, 55, 56, 59, 62, 63, 66, 71, 77, 78, 79, 83, 86, 87, 90, 91, 94, 95, 98, 102, 103, 104, 106, 109, 110, 113, 114, 115, 117, 121, 122, 123, 125, 126, 129, 130, 133, 134, 135, 137, 141, 142, 143, 145, 146, 147, 149, 150, 154, 155, 156, 158, 159, 160, 162, 163, 167, 168, 170, 172, 175, 178, 179, 180, 181, 190, 192, 193, 196, 197, 199, 200, 201, 215, 218, 219, 222, 231, 233, 242, 244, 245, 248, 249, 250, 251, 252, 253, 255, 258, 261, 262, 264, 265, 266, 276, 279, 282, 284, 285, 286, 288, 289, 292, 293, 294, 295, 296], "excluded_lines": []}, "": {"executed_lines": [], "summary": {"covered_lines": 0, "num_statements": 42, "percent_covered": 0.0, "percent_covered_display": "0", "missing_lines": 42, "excluded_lines": 0}, "missing_lines": [8, 9, 10, 11, 12, 13, 14, 15, 17, 21, 27, 39, 81, 100, 119, 139, 152, 165, 183, 203, 235, 268, 300, 302, 313, 314, 315, 318, 326, 327, 330, 332, 333, 336, 338, 339, 342, 344, 345, 348, 359, 360], "excluded_lines": []}}}, "focus_guard\\core\\activity\\logger.py": {"executed_lines": [], "summary": {"covered_lines": 0, "num_statements": 161, "percent_covered": 0.0, "percent_covered_display": "0", "missing_lines": 161, "excluded_lines": 0}, "missing_lines": [8, 9, 10, 11, 12, 13, 14, 15, 16, 18, 19, 22, 33, 45, 46, 47, 48, 51, 52, 54, 55, 58, 61, 62, 65, 68, 70, 72, 75, 76, 79, 80, 83, 84, 87, 89, 96, 97, 98, 99, 101, 109, 110, 111, 112, 114, 116, 127, 128, 129, 131, 132, 133, 134, 135, 138, 140, 142, 150, 153, 156, 157, 160, 161, 162, 163, 164, 165, 166, 168, 169, 170, 171, 173, 176, 177, 179, 180, 181, 183, 185, 193, 195, 196, 197, 198, 199, 200, 202, 205, 208, 209, 210, 211, 213, 215, 217, 218, 219, 222, 223, 226, 227, 228, 230, 231, 232, 234, 236, 237, 238, 240, 241, 242, 243, 244, 246, 248, 249, 250, 252, 253, 254, 255, 257, 264, 266, 276, 277, 279, 286, 288, 289, 291, 292, 295, 296, 297, 300, 301, 302, 303, 304, 305, 307, 317, 318, 322, 324, 335, 336, 337, 340, 350, 351, 354, 362, 363, 366, 368, 369], "excluded_lines": [], "functions": {"ActivityLogger.__init__": {"executed_lines": [], "summary": {"covered_lines": 0, "num_statements": 13, "percent_covered": 0.0, "percent_covered_display": "0", "missing_lines": 13, "excluded_lines": 0}, "missing_lines": [45, 46, 47, 48, 51, 52, 54, 55, 58, 61, 62, 65, 68], "excluded_lines": []}, "ActivityLogger._configure_logger": {"executed_lines": [], "summary": {"covered_lines": 0, "num_statements": 8, "percent_covered": 0.0, "percent_covered_display": "0", "missing_lines": 8, "excluded_lines": 0}, "missing_lines": [72, 75, 76, 79, 80, 83, 84, 87], "excluded_lines": []}, "ActivityLogger._get_current_log_paths": {"executed_lines": [], "summary": {"covered_lines": 0, "num_statements": 4, "percent_covered": 0.0, "percent_covered_display": "0", "missing_lines": 4, "excluded_lines": 0}, "missing_lines": [96, 97, 98, 99], "excluded_lines": []}, "ActivityLogger.get_current_log_path": {"executed_lines": [], "summary": {"covered_lines": 0, "num_statements": 5, "percent_covered": 0.0, "percent_covered_display": "0", "missing_lines": 5, "excluded_lines": 0}, "missing_lines": [109, 110, 111, 112, 114], "excluded_lines": []}, "ActivityLogger.log_activity": {"executed_lines": [], "summary": {"covered_lines": 0, "num_statements": 33, "percent_covered": 0.0, "percent_covered_display": "0", "missing_lines": 33, "excluded_lines": 0}, "missing_lines": [127, 128, 129, 131, 132, 133, 134, 135, 138, 140, 142, 150, 153, 156, 157, 160, 161, 162, 163, 164, 165, 166, 168, 169, 170, 171, 173, 176, 177, 179, 180, 181, 183], "excluded_lines": []}, "ActivityLogger._append_to_json_log": {"executed_lines": [], "summary": {"covered_lines": 0, "num_statements": 13, "percent_covered": 0.0, "percent_covered_display": "0", "missing_lines": 13, "excluded_lines": 0}, "missing_lines": [193, 195, 196, 197, 198, 199, 200, 202, 205, 208, 209, 210, 211], "excluded_lines": []}, "ActivityLogger._monitoring_loop": {"executed_lines": [], "summary": {"covered_lines": 0, "num_statements": 12, "percent_covered": 0.0, "percent_covered_display": "0", "missing_lines": 12, "excluded_lines": 0}, "missing_lines": [215, 217, 218, 219, 222, 223, 226, 227, 228, 230, 231, 232], "excluded_lines": []}, "ActivityLogger.start": {"executed_lines": [], "summary": {"covered_lines": 0, "num_statements": 8, "percent_covered": 0.0, "percent_covered_display": "0", "missing_lines": 8, "excluded_lines": 0}, "missing_lines": [236, 237, 238, 240, 241, 242, 243, 244], "excluded_lines": []}, "ActivityLogger.stop": {"executed_lines": [], "summary": {"covered_lines": 0, "num_statements": 7, "percent_covered": 0.0, "percent_covered_display": "0", "missing_lines": 7, "excluded_lines": 0}, "missing_lines": [248, 249, 250, 252, 253, 254, 255], "excluded_lines": []}, "ActivityLogger.get_available_logs": {"executed_lines": [], "summary": {"covered_lines": 0, "num_statements": 1, "percent_covered": 0.0, "percent_covered_display": "0", "missing_lines": 1, "excluded_lines": 0}, "missing_lines": [264], "excluded_lines": []}, "ActivityLogger.get_log_for_date": {"executed_lines": [], "summary": {"covered_lines": 0, "num_statements": 2, "percent_covered": 0.0, "percent_covered_display": "0", "missing_lines": 2, "excluded_lines": 0}, "missing_lines": [276, 277], "excluded_lines": []}, "ActivityLogger.clean_old_logs": {"executed_lines": [], "summary": {"covered_lines": 0, "num_statements": 14, "percent_covered": 0.0, "percent_covered_display": "0", "missing_lines": 14, "excluded_lines": 0}, "missing_lines": [286, 288, 289, 291, 292, 295, 296, 297, 300, 301, 302, 303, 304, 305], "excluded_lines": []}, "ActivityLogger._is_browser": {"executed_lines": [], "summary": {"covered_lines": 0, "num_statements": 2, "percent_covered": 0.0, "percent_covered_display": "0", "missing_lines": 2, "excluded_lines": 0}, "missing_lines": [317, 318], "excluded_lines": []}, "get_activity_logger": {"executed_lines": [], "summary": {"covered_lines": 0, "num_statements": 3, "percent_covered": 0.0, "percent_covered_display": "0", "missing_lines": 3, "excluded_lines": 0}, "missing_lines": [335, 336, 337], "excluded_lines": []}, "log_activity": {"executed_lines": [], "summary": {"covered_lines": 0, "num_statements": 2, "percent_covered": 0.0, "percent_covered_display": "0", "missing_lines": 2, "excluded_lines": 0}, "missing_lines": [350, 351], "excluded_lines": []}, "start_activity_logging": {"executed_lines": [], "summary": {"covered_lines": 0, "num_statements": 2, "percent_covered": 0.0, "percent_covered_display": "0", "missing_lines": 2, "excluded_lines": 0}, "missing_lines": [362, 363], "excluded_lines": []}, "stop_activity_logging": {"executed_lines": [], "summary": {"covered_lines": 0, "num_statements": 2, "percent_covered": 0.0, "percent_covered_display": "0", "missing_lines": 2, "excluded_lines": 0}, "missing_lines": [368, 369], "excluded_lines": []}, "": {"executed_lines": [], "summary": {"covered_lines": 0, "num_statements": 30, "percent_covered": 0.0, "percent_covered_display": "0", "missing_lines": 30, "excluded_lines": 0}, "missing_lines": [8, 9, 10, 11, 12, 13, 14, 15, 16, 18, 19, 22, 33, 70, 89, 101, 116, 185, 213, 234, 246, 257, 266, 279, 307, 322, 324, 340, 354, 366], "excluded_lines": []}}, "classes": {"ActivityLogger": {"executed_lines": [], "summary": {"covered_lines": 0, "num_statements": 122, "percent_covered": 0.0, "percent_covered_display": "0", "missing_lines": 122, "excluded_lines": 0}, "missing_lines": [45, 46, 47, 48, 51, 52, 54, 55, 58, 61, 62, 65, 68, 72, 75, 76, 79, 80, 83, 84, 87, 96, 97, 98, 99, 109, 110, 111, 112, 114, 127, 128, 129, 131, 132, 133, 134, 135, 138, 140, 142, 150, 153, 156, 157, 160, 161, 162, 163, 164, 165, 166, 168, 169, 170, 171, 173, 176, 177, 179, 180, 181, 183, 193, 195, 196, 197, 198, 199, 200, 202, 205, 208, 209, 210, 211, 215, 217, 218, 219, 222, 223, 226, 227, 228, 230, 231, 232, 236, 237, 238, 240, 241, 242, 243, 244, 248, 249, 250, 252, 253, 254, 255, 264, 276, 277, 286, 288, 289, 291, 292, 295, 296, 297, 300, 301, 302, 303, 304, 305, 317, 318], "excluded_lines": []}, "": {"executed_lines": [], "summary": {"covered_lines": 0, "num_statements": 39, "percent_covered": 0.0, "percent_covered_display": "0", "missing_lines": 39, "excluded_lines": 0}, "missing_lines": [8, 9, 10, 11, 12, 13, 14, 15, 16, 18, 19, 22, 33, 70, 89, 101, 116, 185, 213, 234, 246, 257, 266, 279, 307, 322, 324, 335, 336, 337, 340, 350, 351, 354, 362, 363, 366, 368, 369], "excluded_lines": []}}}, "focus_guard\\core\\activity\\models.py": {"executed_lines": [], "summary": {"covered_lines": 0, "num_statements": 75, "percent_covered": 0.0, "percent_covered_display": "0", "missing_lines": 75, "excluded_lines": 0}, "missing_lines": [7, 8, 9, 11, 14, 15, 22, 23, 24, 25, 26, 27, 28, 29, 30, 31, 33, 34, 45, 46, 47, 48, 49, 50, 51, 52, 55, 67, 68, 69, 70, 71, 72, 74, 76, 83, 90, 91, 92, 93, 94, 95, 96, 97, 98, 99, 100, 101, 103, 106, 107, 114, 115, 116, 117, 119, 126, 132, 133, 135, 137, 138, 149, 150, 151, 152, 153, 154, 155, 156, 159, 160, 161, 162, 164], "excluded_lines": [], "functions": {"WindowInfo.from_dict": {"executed_lines": [], "summary": {"covered_lines": 0, "num_statements": 16, "percent_covered": 0.0, "percent_covered_display": "0", "missing_lines": 16, "excluded_lines": 0}, "missing_lines": [45, 46, 47, 48, 49, 50, 51, 52, 55, 67, 68, 69, 70, 71, 72, 74], "excluded_lines": []}, "WindowInfo.to_dict": {"executed_lines": [], "summary": {"covered_lines": 0, "num_statements": 14, "percent_covered": 0.0, "percent_covered_display": "0", "missing_lines": 14, "excluded_lines": 0}, "missing_lines": [83, 90, 91, 92, 93, 94, 95, 96, 97, 98, 99, 100, 101, 103], "excluded_lines": []}, "ActivityEvent.to_dict": {"executed_lines": [], "summary": {"covered_lines": 0, "num_statements": 4, "percent_covered": 0.0, "percent_covered_display": "0", "missing_lines": 4, "excluded_lines": 0}, "missing_lines": [126, 132, 133, 135], "excluded_lines": []}, "ActivityEvent.from_dict": {"executed_lines": [], "summary": {"covered_lines": 0, "num_statements": 13, "percent_covered": 0.0, "percent_covered_display": "0", "missing_lines": 13, "excluded_lines": 0}, "missing_lines": [149, 150, 151, 152, 153, 154, 155, 156, 159, 160, 161, 162, 164], "excluded_lines": []}, "": {"executed_lines": [], "summary": {"covered_lines": 0, "num_statements": 28, "percent_covered": 0.0, "percent_covered_display": "0", "missing_lines": 28, "excluded_lines": 0}, "missing_lines": [7, 8, 9, 11, 14, 15, 22, 23, 24, 25, 26, 27, 28, 29, 30, 31, 33, 34, 76, 106, 107, 114, 115, 116, 117, 119, 137, 138], "excluded_lines": []}}, "classes": {"WindowInfo": {"executed_lines": [], "summary": {"covered_lines": 0, "num_statements": 30, "percent_covered": 0.0, "percent_covered_display": "0", "missing_lines": 30, "excluded_lines": 0}, "missing_lines": [45, 46, 47, 48, 49, 50, 51, 52, 55, 67, 68, 69, 70, 71, 72, 74, 83, 90, 91, 92, 93, 94, 95, 96, 97, 98, 99, 100, 101, 103], "excluded_lines": []}, "ActivityEvent": {"executed_lines": [], "summary": {"covered_lines": 0, "num_statements": 17, "percent_covered": 0.0, "percent_covered_display": "0", "missing_lines": 17, "excluded_lines": 0}, "missing_lines": [126, 132, 133, 135, 149, 150, 151, 152, 153, 154, 155, 156, 159, 160, 161, 162, 164], "excluded_lines": []}, "": {"executed_lines": [], "summary": {"covered_lines": 0, "num_statements": 28, "percent_covered": 0.0, "percent_covered_display": "0", "missing_lines": 28, "excluded_lines": 0}, "missing_lines": [7, 8, 9, 11, 14, 15, 22, 23, 24, 25, 26, 27, 28, 29, 30, 31, 33, 34, 76, 106, 107, 114, 115, 116, 117, 119, 137, 138], "excluded_lines": []}}}, "focus_guard\\core\\activity\\monitor.py": {"executed_lines": [], "summary": {"covered_lines": 0, "num_statements": 75, "percent_covered": 0.0, "percent_covered_display": "0", "missing_lines": 75, "excluded_lines": 0}, "missing_lines": [8, 9, 11, 12, 13, 16, 25, 32, 33, 35, 36, 43, 44, 45, 46, 48, 49, 56, 57, 58, 59, 61, 69, 70, 71, 74, 77, 78, 79, 80, 82, 83, 84, 85, 86, 87, 89, 90, 91, 92, 93, 95, 97, 104, 106, 108, 109, 114, 115, 117, 118, 119, 121, 122, 124, 126, 137, 138, 140, 151, 152, 159, 169, 170, 172, 183, 189, 190, 191, 192, 195, 196, 197, 198, 200], "excluded_lines": [], "functions": {"ActivityMonitor.__init__": {"executed_lines": [], "summary": {"covered_lines": 0, "num_statements": 2, "percent_covered": 0.0, "percent_covered_display": "0", "missing_lines": 2, "excluded_lines": 0}, "missing_lines": [32, 33], "excluded_lines": []}, "ActivityMonitor.platform_impl": {"executed_lines": [], "summary": {"covered_lines": 0, "num_statements": 4, "percent_covered": 0.0, "percent_covered_display": "0", "missing_lines": 4, "excluded_lines": 0}, "missing_lines": [43, 44, 45, 46], "excluded_lines": []}, "ActivityMonitor.browser_monitor": {"executed_lines": [], "summary": {"covered_lines": 0, "num_statements": 4, "percent_covered": 0.0, "percent_covered_display": "0", "missing_lines": 4, "excluded_lines": 0}, "missing_lines": [56, 57, 58, 59], "excluded_lines": []}, "ActivityMonitor.get_active_window": {"executed_lines": [], "summary": {"covered_lines": 0, "num_statements": 20, "percent_covered": 0.0, "percent_covered_display": "0", "missing_lines": 20, "excluded_lines": 0}, "missing_lines": [69, 70, 71, 74, 77, 78, 79, 80, 82, 83, 84, 85, 86, 87, 89, 90, 91, 92, 93, 95], "excluded_lines": []}, "ActivityMonitor.get_idle_time_seconds": {"executed_lines": [], "summary": {"covered_lines": 0, "num_statements": 12, "percent_covered": 0.0, "percent_covered_display": "0", "missing_lines": 12, "excluded_lines": 0}, "missing_lines": [104, 106, 108, 109, 114, 115, 117, 118, 119, 121, 122, 124], "excluded_lines": []}, "ActivityMonitor.get_top_windows": {"executed_lines": [], "summary": {"covered_lines": 0, "num_statements": 2, "percent_covered": 0.0, "percent_covered_display": "0", "missing_lines": 2, "excluded_lines": 0}, "missing_lines": [137, 138], "excluded_lines": []}, "ActivityMonitor.create_activity_event": {"executed_lines": [], "summary": {"covered_lines": 0, "num_statements": 2, "percent_covered": 0.0, "percent_covered_display": "0", "missing_lines": 2, "excluded_lines": 0}, "missing_lines": [151, 152], "excluded_lines": []}, "ActivityMonitor._is_browser": {"executed_lines": [], "summary": {"covered_lines": 0, "num_statements": 2, "percent_covered": 0.0, "percent_covered_display": "0", "missing_lines": 2, "excluded_lines": 0}, "missing_lines": [169, 170], "excluded_lines": []}, "ActivityMonitor._extract_url_from_title": {"executed_lines": [], "summary": {"covered_lines": 0, "num_statements": 10, "percent_covered": 0.0, "percent_covered_display": "0", "missing_lines": 10, "excluded_lines": 0}, "missing_lines": [183, 189, 190, 191, 192, 195, 196, 197, 198, 200], "excluded_lines": []}, "": {"executed_lines": [], "summary": {"covered_lines": 0, "num_statements": 17, "percent_covered": 0.0, "percent_covered_display": "0", "missing_lines": 17, "excluded_lines": 0}, "missing_lines": [8, 9, 11, 12, 13, 16, 25, 35, 36, 48, 49, 61, 97, 126, 140, 159, 172], "excluded_lines": []}}, "classes": {"ActivityMonitor": {"executed_lines": [], "summary": {"covered_lines": 0, "num_statements": 58, "percent_covered": 0.0, "percent_covered_display": "0", "missing_lines": 58, "excluded_lines": 0}, "missing_lines": [32, 33, 43, 44, 45, 46, 56, 57, 58, 59, 69, 70, 71, 74, 77, 78, 79, 80, 82, 83, 84, 85, 86, 87, 89, 90, 91, 92, 93, 95, 104, 106, 108, 109, 114, 115, 117, 118, 119, 121, 122, 124, 137, 138, 151, 152, 169, 170, 183, 189, 190, 191, 192, 195, 196, 197, 198, 200], "excluded_lines": []}, "ActivityMonitor.get_idle_time_seconds.LASTINPUTINFO": {"executed_lines": [], "summary": {"covered_lines": 0, "num_statements": 0, "percent_covered": 100.0, "percent_covered_display": "100", "missing_lines": 0, "excluded_lines": 0}, "missing_lines": [], "excluded_lines": []}, "": {"executed_lines": [], "summary": {"covered_lines": 0, "num_statements": 17, "percent_covered": 0.0, "percent_covered_display": "0", "missing_lines": 17, "excluded_lines": 0}, "missing_lines": [8, 9, 11, 12, 13, 16, 25, 35, 36, 48, 49, 61, 97, 126, 140, 159, 172], "excluded_lines": []}}}, "focus_guard\\core\\activity\\parser.py": {"executed_lines": [], "summary": {"covered_lines": 0, "num_statements": 201, "percent_covered": 0.0, "percent_covered_display": "0", "missing_lines": 201, "excluded_lines": 0}, "missing_lines": [8, 9, 10, 11, 12, 14, 15, 18, 29, 37, 38, 40, 41, 42, 45, 46, 48, 50, 53, 54, 57, 58, 61, 62, 65, 67, 74, 77, 78, 79, 80, 81, 82, 83, 86, 87, 88, 89, 90, 91, 92, 94, 96, 106, 107, 109, 110, 112, 114, 124, 125, 126, 127, 129, 131, 132, 133, 134, 135, 138, 139, 140, 141, 142, 143, 144, 145, 147, 148, 149, 150, 152, 162, 163, 164, 165, 167, 169, 170, 171, 172, 173, 176, 177, 178, 179, 180, 181, 182, 183, 185, 186, 187, 188, 190, 201, 202, 204, 205, 206, 209, 210, 212, 215, 216, 219, 220, 221, 222, 224, 225, 228, 235, 237, 239, 250, 253, 254, 255, 256, 258, 259, 262, 264, 265, 276, 277, 278, 281, 284, 285, 286, 296, 298, 308, 311, 312, 314, 315, 316, 318, 319, 321, 322, 325, 326, 327, 328, 330, 333, 335, 343, 353, 356, 357, 358, 359, 362, 363, 366, 367, 368, 371, 372, 373, 374, 375, 376, 377, 379, 380, 382, 384, 385, 387, 388, 391, 392, 393, 394, 396, 399, 401, 409, 419, 420, 421, 425, 427, 438, 439, 440, 443, 454, 455, 458, 468, 469, 472, 482, 483], "excluded_lines": [], "functions": {"ActivityLogParser.__init__": {"executed_lines": [], "summary": {"covered_lines": 0, "num_statements": 7, "percent_covered": 0.0, "percent_covered_display": "0", "missing_lines": 7, "excluded_lines": 0}, "missing_lines": [37, 38, 40, 41, 42, 45, 46], "excluded_lines": []}, "ActivityLogParser._configure_logger": {"executed_lines": [], "summary": {"covered_lines": 0, "num_statements": 8, "percent_covered": 0.0, "percent_covered_display": "0", "missing_lines": 8, "excluded_lines": 0}, "missing_lines": [50, 53, 54, 57, 58, 61, 62, 65], "excluded_lines": []}, "ActivityLogParser.get_available_dates": {"executed_lines": [], "summary": {"covered_lines": 0, "num_statements": 16, "percent_covered": 0.0, "percent_covered_display": "0", "missing_lines": 16, "excluded_lines": 0}, "missing_lines": [74, 77, 78, 79, 80, 81, 82, 83, 86, 87, 88, 89, 90, 91, 92, 94], "excluded_lines": []}, "ActivityLogParser.get_log_paths_for_date": {"executed_lines": [], "summary": {"covered_lines": 0, "num_statements": 5, "percent_covered": 0.0, "percent_covered_display": "0", "missing_lines": 5, "excluded_lines": 0}, "missing_lines": [106, 107, 109, 110, 112], "excluded_lines": []}, "ActivityLogParser.load_app_activity": {"executed_lines": [], "summary": {"covered_lines": 0, "num_statements": 22, "percent_covered": 0.0, "percent_covered_display": "0", "missing_lines": 22, "excluded_lines": 0}, "missing_lines": [124, 125, 126, 127, 129, 131, 132, 133, 134, 135, 138, 139, 140, 141, 142, 143, 144, 145, 147, 148, 149, 150], "excluded_lines": []}, "ActivityLogParser.load_browser_activity": {"executed_lines": [], "summary": {"covered_lines": 0, "num_statements": 22, "percent_covered": 0.0, "percent_covered_display": "0", "missing_lines": 22, "excluded_lines": 0}, "missing_lines": [162, 163, 164, 165, 167, 169, 170, 171, 172, 173, 176, 177, 178, 179, 180, 181, 182, 183, 185, 186, 187, 188], "excluded_lines": []}, "ActivityLogParser.correlate_activities": {"executed_lines": [], "summary": {"covered_lines": 0, "num_statements": 19, "percent_covered": 0.0, "percent_covered_display": "0", "missing_lines": 19, "excluded_lines": 0}, "missing_lines": [201, 202, 204, 205, 206, 209, 210, 212, 215, 216, 219, 220, 221, 222, 224, 225, 228, 235, 237], "excluded_lines": []}, "ActivityLogParser.generate_activity_timeline": {"executed_lines": [], "summary": {"covered_lines": 0, "num_statements": 18, "percent_covered": 0.0, "percent_covered_display": "0", "missing_lines": 18, "excluded_lines": 0}, "missing_lines": [250, 253, 254, 255, 256, 258, 259, 262, 264, 265, 276, 277, 278, 281, 284, 285, 286, 296], "excluded_lines": []}, "ActivityLogParser.calculate_app_usage_stats": {"executed_lines": [], "summary": {"covered_lines": 0, "num_statements": 17, "percent_covered": 0.0, "percent_covered_display": "0", "missing_lines": 17, "excluded_lines": 0}, "missing_lines": [308, 311, 312, 314, 315, 316, 318, 319, 321, 322, 325, 326, 327, 328, 330, 333, 335], "excluded_lines": []}, "ActivityLogParser.calculate_domain_usage_stats": {"executed_lines": [], "summary": {"covered_lines": 0, "num_statements": 31, "percent_covered": 0.0, "percent_covered_display": "0", "missing_lines": 31, "excluded_lines": 0}, "missing_lines": [353, 356, 357, 358, 359, 362, 363, 366, 367, 368, 371, 372, 373, 374, 375, 376, 377, 379, 380, 382, 384, 385, 387, 388, 391, 392, 393, 394, 396, 399, 401], "excluded_lines": []}, "ActivityLogParser._is_browser_app": {"executed_lines": [], "summary": {"covered_lines": 0, "num_statements": 3, "percent_covered": 0.0, "percent_covered_display": "0", "missing_lines": 3, "excluded_lines": 0}, "missing_lines": [419, 420, 421], "excluded_lines": []}, "get_activity_parser": {"executed_lines": [], "summary": {"covered_lines": 0, "num_statements": 3, "percent_covered": 0.0, "percent_covered_display": "0", "missing_lines": 3, "excluded_lines": 0}, "missing_lines": [438, 439, 440], "excluded_lines": []}, "get_activity_timeline": {"executed_lines": [], "summary": {"covered_lines": 0, "num_statements": 2, "percent_covered": 0.0, "percent_covered_display": "0", "missing_lines": 2, "excluded_lines": 0}, "missing_lines": [454, 455], "excluded_lines": []}, "get_app_usage_stats": {"executed_lines": [], "summary": {"covered_lines": 0, "num_statements": 2, "percent_covered": 0.0, "percent_covered_display": "0", "missing_lines": 2, "excluded_lines": 0}, "missing_lines": [468, 469], "excluded_lines": []}, "get_domain_usage_stats": {"executed_lines": [], "summary": {"covered_lines": 0, "num_statements": 2, "percent_covered": 0.0, "percent_covered_display": "0", "missing_lines": 2, "excluded_lines": 0}, "missing_lines": [482, 483], "excluded_lines": []}, "": {"executed_lines": [], "summary": {"covered_lines": 0, "num_statements": 24, "percent_covered": 0.0, "percent_covered_display": "0", "missing_lines": 24, "excluded_lines": 0}, "missing_lines": [8, 9, 10, 11, 12, 14, 15, 18, 29, 48, 67, 96, 114, 152, 190, 239, 298, 343, 409, 425, 427, 443, 458, 472], "excluded_lines": []}}, "classes": {"ActivityLogParser": {"executed_lines": [], "summary": {"covered_lines": 0, "num_statements": 168, "percent_covered": 0.0, "percent_covered_display": "0", "missing_lines": 168, "excluded_lines": 0}, "missing_lines": [37, 38, 40, 41, 42, 45, 46, 50, 53, 54, 57, 58, 61, 62, 65, 74, 77, 78, 79, 80, 81, 82, 83, 86, 87, 88, 89, 90, 91, 92, 94, 106, 107, 109, 110, 112, 124, 125, 126, 127, 129, 131, 132, 133, 134, 135, 138, 139, 140, 141, 142, 143, 144, 145, 147, 148, 149, 150, 162, 163, 164, 165, 167, 169, 170, 171, 172, 173, 176, 177, 178, 179, 180, 181, 182, 183, 185, 186, 187, 188, 201, 202, 204, 205, 206, 209, 210, 212, 215, 216, 219, 220, 221, 222, 224, 225, 228, 235, 237, 250, 253, 254, 255, 256, 258, 259, 262, 264, 265, 276, 277, 278, 281, 284, 285, 286, 296, 308, 311, 312, 314, 315, 316, 318, 319, 321, 322, 325, 326, 327, 328, 330, 333, 335, 353, 356, 357, 358, 359, 362, 363, 366, 367, 368, 371, 372, 373, 374, 375, 376, 377, 379, 380, 382, 384, 385, 387, 388, 391, 392, 393, 394, 396, 399, 401, 419, 420, 421], "excluded_lines": []}, "": {"executed_lines": [], "summary": {"covered_lines": 0, "num_statements": 33, "percent_covered": 0.0, "percent_covered_display": "0", "missing_lines": 33, "excluded_lines": 0}, "missing_lines": [8, 9, 10, 11, 12, 14, 15, 18, 29, 48, 67, 96, 114, 152, 190, 239, 298, 343, 409, 425, 427, 438, 439, 440, 443, 454, 455, 458, 468, 469, 472, 482, 483], "excluded_lines": []}}}, "focus_guard\\core\\activity\\platform\\base.py": {"executed_lines": [], "summary": {"covered_lines": 0, "num_statements": 13, "percent_covered": 0.0, "percent_covered_display": "0", "missing_lines": 13, "excluded_lines": 0}, "missing_lines": [8, 9, 12, 21, 22, 38, 40, 41, 58, 60, 61, 62, 69], "excluded_lines": [], "functions": {"PlatformActivityMonitor.get_active_window": {"executed_lines": [], "summary": {"covered_lines": 0, "num_statements": 1, "percent_covered": 0.0, "percent_covered_display": "0", "missing_lines": 1, "excluded_lines": 0}, "missing_lines": [38], "excluded_lines": []}, "PlatformActivityMonitor.get_top_windows": {"executed_lines": [], "summary": {"covered_lines": 0, "num_statements": 1, "percent_covered": 0.0, "percent_covered_display": "0", "missing_lines": 1, "excluded_lines": 0}, "missing_lines": [58], "excluded_lines": []}, "PlatformActivityMonitor.is_supported": {"executed_lines": [], "summary": {"covered_lines": 0, "num_statements": 1, "percent_covered": 0.0, "percent_covered_display": "0", "missing_lines": 1, "excluded_lines": 0}, "missing_lines": [69], "excluded_lines": []}, "": {"executed_lines": [], "summary": {"covered_lines": 0, "num_statements": 10, "percent_covered": 0.0, "percent_covered_display": "0", "missing_lines": 10, "excluded_lines": 0}, "missing_lines": [8, 9, 12, 21, 22, 40, 41, 60, 61, 62], "excluded_lines": []}}, "classes": {"PlatformActivityMonitor": {"executed_lines": [], "summary": {"covered_lines": 0, "num_statements": 3, "percent_covered": 0.0, "percent_covered_display": "0", "missing_lines": 3, "excluded_lines": 0}, "missing_lines": [38, 58, 69], "excluded_lines": []}, "": {"executed_lines": [], "summary": {"covered_lines": 0, "num_statements": 10, "percent_covered": 0.0, "percent_covered_display": "0", "missing_lines": 10, "excluded_lines": 0}, "missing_lines": [8, 9, 12, 21, 22, 40, 41, 60, 61, 62], "excluded_lines": []}}}, "focus_guard\\core\\activity\\platform\\linux.py": {"executed_lines": [], "summary": {"covered_lines": 0, "num_statements": 48, "percent_covered": 0.0, "percent_covered_display": "0", "missing_lines": 48, "excluded_lines": 0}, "missing_lines": [8, 9, 10, 11, 13, 16, 24, 33, 35, 40, 41, 43, 45, 46, 49, 54, 55, 56, 57, 58, 59, 60, 63, 64, 65, 66, 67, 68, 70, 72, 78, 79, 80, 81, 83, 97, 98, 100, 101, 108, 109, 111, 113, 114, 117, 119, 120, 121], "excluded_lines": [], "functions": {"LinuxActivityMonitor.get_active_window": {"executed_lines": [], "summary": {"covered_lines": 0, "num_statements": 27, "percent_covered": 0.0, "percent_covered_display": "0", "missing_lines": 27, "excluded_lines": 0}, "missing_lines": [33, 35, 40, 41, 43, 45, 46, 49, 54, 55, 56, 57, 58, 59, 60, 63, 64, 65, 66, 67, 68, 70, 72, 78, 79, 80, 81], "excluded_lines": []}, "LinuxActivityMonitor.get_top_windows": {"executed_lines": [], "summary": {"covered_lines": 0, "num_statements": 2, "percent_covered": 0.0, "percent_covered_display": "0", "missing_lines": 2, "excluded_lines": 0}, "missing_lines": [97, 98], "excluded_lines": []}, "LinuxActivityMonitor.is_supported": {"executed_lines": [], "summary": {"covered_lines": 0, "num_statements": 9, "percent_covered": 0.0, "percent_covered_display": "0", "missing_lines": 9, "excluded_lines": 0}, "missing_lines": [108, 109, 111, 113, 114, 117, 119, 120, 121], "excluded_lines": []}, "": {"executed_lines": [], "summary": {"covered_lines": 0, "num_statements": 10, "percent_covered": 0.0, "percent_covered_display": "0", "missing_lines": 10, "excluded_lines": 0}, "missing_lines": [8, 9, 10, 11, 13, 16, 24, 83, 100, 101], "excluded_lines": []}}, "classes": {"LinuxActivityMonitor": {"executed_lines": [], "summary": {"covered_lines": 0, "num_statements": 38, "percent_covered": 0.0, "percent_covered_display": "0", "missing_lines": 38, "excluded_lines": 0}, "missing_lines": [33, 35, 40, 41, 43, 45, 46, 49, 54, 55, 56, 57, 58, 59, 60, 63, 64, 65, 66, 67, 68, 70, 72, 78, 79, 80, 81, 97, 98, 108, 109, 111, 113, 114, 117, 119, 120, 121], "excluded_lines": []}, "": {"executed_lines": [], "summary": {"covered_lines": 0, "num_statements": 10, "percent_covered": 0.0, "percent_covered_display": "0", "missing_lines": 10, "excluded_lines": 0}, "missing_lines": [8, 9, 10, 11, 13, 16, 24, 83, 100, 101], "excluded_lines": []}}}, "focus_guard\\core\\activity\\platform\\macos.py": {"executed_lines": [], "summary": {"covered_lines": 0, "num_statements": 19, "percent_covered": 0.0, "percent_covered_display": "0", "missing_lines": 19, "excluded_lines": 0}, "missing_lines": [8, 9, 10, 12, 15, 23, 34, 35, 37, 51, 52, 54, 55, 62, 63, 65, 68, 69, 70], "excluded_lines": [], "functions": {"MacOSActivityMonitor.get_active_window": {"executed_lines": [], "summary": {"covered_lines": 0, "num_statements": 2, "percent_covered": 0.0, "percent_covered_display": "0", "missing_lines": 2, "excluded_lines": 0}, "missing_lines": [34, 35], "excluded_lines": []}, "MacOSActivityMonitor.get_top_windows": {"executed_lines": [], "summary": {"covered_lines": 0, "num_statements": 2, "percent_covered": 0.0, "percent_covered_display": "0", "missing_lines": 2, "excluded_lines": 0}, "missing_lines": [51, 52], "excluded_lines": []}, "MacOSActivityMonitor.is_supported": {"executed_lines": [], "summary": {"covered_lines": 0, "num_statements": 6, "percent_covered": 0.0, "percent_covered_display": "0", "missing_lines": 6, "excluded_lines": 0}, "missing_lines": [62, 63, 65, 68, 69, 70], "excluded_lines": []}, "": {"executed_lines": [], "summary": {"covered_lines": 0, "num_statements": 9, "percent_covered": 0.0, "percent_covered_display": "0", "missing_lines": 9, "excluded_lines": 0}, "missing_lines": [8, 9, 10, 12, 15, 23, 37, 54, 55], "excluded_lines": []}}, "classes": {"MacOSActivityMonitor": {"executed_lines": [], "summary": {"covered_lines": 0, "num_statements": 10, "percent_covered": 0.0, "percent_covered_display": "0", "missing_lines": 10, "excluded_lines": 0}, "missing_lines": [34, 35, 51, 52, 62, 63, 65, 68, 69, 70], "excluded_lines": []}, "": {"executed_lines": [], "summary": {"covered_lines": 0, "num_statements": 9, "percent_covered": 0.0, "percent_covered_display": "0", "missing_lines": 9, "excluded_lines": 0}, "missing_lines": [8, 9, 10, 12, 15, 23, 37, 54, 55], "excluded_lines": []}}}, "focus_guard\\core\\activity\\platform\\session_monitor.py": {"executed_lines": [], "summary": {"covered_lines": 0, "num_statements": 69, "percent_covered": 0.0, "percent_covered_display": "0", "missing_lines": 69, "excluded_lines": 0}, "missing_lines": [8, 9, 10, 11, 12, 13, 16, 18, 19, 20, 21, 24, 27, 28, 36, 39, 42, 44, 45, 46, 47, 48, 50, 52, 55, 56, 59, 60, 63, 64, 67, 69, 76, 77, 79, 86, 87, 89, 97, 98, 100, 101, 102, 103, 104, 106, 108, 109, 110, 112, 113, 114, 115, 116, 118, 120, 121, 122, 124, 125, 126, 127, 129, 130, 137, 139, 140, 141, 148], "excluded_lines": [], "functions": {"SessionListener.on_session_event": {"executed_lines": [], "summary": {"covered_lines": 0, "num_statements": 1, "percent_covered": 0.0, "percent_covered_display": "0", "missing_lines": 1, "excluded_lines": 0}, "missing_lines": [36], "excluded_lines": []}, "SessionMonitor.__init__": {"executed_lines": [], "summary": {"covered_lines": 0, "num_statements": 5, "percent_covered": 0.0, "percent_covered_display": "0", "missing_lines": 5, "excluded_lines": 0}, "missing_lines": [44, 45, 46, 47, 48], "excluded_lines": []}, "SessionMonitor._configure_logger": {"executed_lines": [], "summary": {"covered_lines": 0, "num_statements": 8, "percent_covered": 0.0, "percent_covered_display": "0", "missing_lines": 8, "excluded_lines": 0}, "missing_lines": [52, 55, 56, 59, 60, 63, 64, 67], "excluded_lines": []}, "SessionMonitor.add_listener": {"executed_lines": [], "summary": {"covered_lines": 0, "num_statements": 2, "percent_covered": 0.0, "percent_covered_display": "0", "missing_lines": 2, "excluded_lines": 0}, "missing_lines": [76, 77], "excluded_lines": []}, "SessionMonitor.remove_listener": {"executed_lines": [], "summary": {"covered_lines": 0, "num_statements": 2, "percent_covered": 0.0, "percent_covered_display": "0", "missing_lines": 2, "excluded_lines": 0}, "missing_lines": [86, 87], "excluded_lines": []}, "SessionMonitor.notify_listeners": {"executed_lines": [], "summary": {"covered_lines": 0, "num_statements": 7, "percent_covered": 0.0, "percent_covered_display": "0", "missing_lines": 7, "excluded_lines": 0}, "missing_lines": [97, 98, 100, 101, 102, 103, 104], "excluded_lines": []}, "SessionMonitor.start": {"executed_lines": [], "summary": {"covered_lines": 0, "num_statements": 8, "percent_covered": 0.0, "percent_covered_display": "0", "missing_lines": 8, "excluded_lines": 0}, "missing_lines": [108, 109, 110, 112, 113, 114, 115, 116], "excluded_lines": []}, "SessionMonitor.stop": {"executed_lines": [], "summary": {"covered_lines": 0, "num_statements": 7, "percent_covered": 0.0, "percent_covered_display": "0", "missing_lines": 7, "excluded_lines": 0}, "missing_lines": [120, 121, 122, 124, 125, 126, 127], "excluded_lines": []}, "SessionMonitor._monitoring_loop": {"executed_lines": [], "summary": {"covered_lines": 0, "num_statements": 1, "percent_covered": 0.0, "percent_covered_display": "0", "missing_lines": 1, "excluded_lines": 0}, "missing_lines": [137], "excluded_lines": []}, "SessionMonitor.is_supported": {"executed_lines": [], "summary": {"covered_lines": 0, "num_statements": 1, "percent_covered": 0.0, "percent_covered_display": "0", "missing_lines": 1, "excluded_lines": 0}, "missing_lines": [148], "excluded_lines": []}, "": {"executed_lines": [], "summary": {"covered_lines": 0, "num_statements": 27, "percent_covered": 0.0, "percent_covered_display": "0", "missing_lines": 27, "excluded_lines": 0}, "missing_lines": [8, 9, 10, 11, 12, 13, 16, 18, 19, 20, 21, 24, 27, 28, 39, 42, 50, 69, 79, 89, 106, 118, 129, 130, 139, 140, 141], "excluded_lines": []}}, "classes": {"SessionEvent": {"executed_lines": [], "summary": {"covered_lines": 0, "num_statements": 0, "percent_covered": 100.0, "percent_covered_display": "100", "missing_lines": 0, "excluded_lines": 0}, "missing_lines": [], "excluded_lines": []}, "SessionListener": {"executed_lines": [], "summary": {"covered_lines": 0, "num_statements": 1, "percent_covered": 0.0, "percent_covered_display": "0", "missing_lines": 1, "excluded_lines": 0}, "missing_lines": [36], "excluded_lines": []}, "SessionMonitor": {"executed_lines": [], "summary": {"covered_lines": 0, "num_statements": 41, "percent_covered": 0.0, "percent_covered_display": "0", "missing_lines": 41, "excluded_lines": 0}, "missing_lines": [44, 45, 46, 47, 48, 52, 55, 56, 59, 60, 63, 64, 67, 76, 77, 86, 87, 97, 98, 100, 101, 102, 103, 104, 108, 109, 110, 112, 113, 114, 115, 116, 120, 121, 122, 124, 125, 126, 127, 137, 148], "excluded_lines": []}, "": {"executed_lines": [], "summary": {"covered_lines": 0, "num_statements": 27, "percent_covered": 0.0, "percent_covered_display": "0", "missing_lines": 27, "excluded_lines": 0}, "missing_lines": [8, 9, 10, 11, 12, 13, 16, 18, 19, 20, 21, 24, 27, 28, 39, 42, 50, 69, 79, 89, 106, 118, 129, 130, 139, 140, 141], "excluded_lines": []}}}, "focus_guard\\core\\activity\\platform\\windows.py": {"executed_lines": [], "summary": {"covered_lines": 0, "num_statements": 96, "percent_covered": 0.0, "percent_covered_display": "0", "missing_lines": 96, "excluded_lines": 0}, "missing_lines": [8, 9, 10, 12, 15, 23, 32, 33, 34, 35, 37, 38, 41, 42, 43, 46, 47, 48, 49, 50, 51, 54, 55, 57, 59, 68, 69, 70, 72, 84, 85, 87, 88, 90, 92, 93, 94, 96, 98, 99, 102, 103, 106, 107, 108, 110, 111, 113, 114, 115, 117, 119, 121, 122, 123, 124, 125, 127, 138, 139, 140, 141, 143, 144, 146, 147, 148, 151, 152, 153, 154, 155, 156, 158, 160, 169, 170, 172, 179, 180, 181, 182, 183, 184, 185, 187, 188, 195, 196, 198, 199, 200, 201, 202, 203, 204], "excluded_lines": [], "functions": {"WindowsActivityMonitor.get_active_window": {"executed_lines": [], "summary": {"covered_lines": 0, "num_statements": 22, "percent_covered": 0.0, "percent_covered_display": "0", "missing_lines": 22, "excluded_lines": 0}, "missing_lines": [32, 33, 34, 35, 37, 38, 41, 42, 43, 46, 47, 48, 49, 50, 51, 54, 55, 57, 59, 68, 69, 70], "excluded_lines": []}, "WindowsActivityMonitor.get_top_windows": {"executed_lines": [], "summary": {"covered_lines": 0, "num_statements": 11, "percent_covered": 0.0, "percent_covered_display": "0", "missing_lines": 11, "excluded_lines": 0}, "missing_lines": [84, 85, 87, 88, 90, 92, 121, 122, 123, 124, 125], "excluded_lines": []}, "WindowsActivityMonitor.get_top_windows.callback": {"executed_lines": [], "summary": {"covered_lines": 0, "num_statements": 17, "percent_covered": 0.0, "percent_covered_display": "0", "missing_lines": 17, "excluded_lines": 0}, "missing_lines": [93, 94, 96, 98, 99, 102, 103, 106, 107, 108, 110, 111, 113, 114, 115, 117, 119], "excluded_lines": []}, "WindowsActivityMonitor._get_window_info": {"executed_lines": [], "summary": {"covered_lines": 0, "num_statements": 19, "percent_covered": 0.0, "percent_covered_display": "0", "missing_lines": 19, "excluded_lines": 0}, "missing_lines": [138, 139, 140, 141, 143, 144, 146, 147, 148, 151, 152, 153, 154, 155, 156, 158, 160, 169, 170], "excluded_lines": []}, "WindowsActivityMonitor._get_screen_area": {"executed_lines": [], "summary": {"covered_lines": 0, "num_statements": 7, "percent_covered": 0.0, "percent_covered_display": "0", "missing_lines": 7, "excluded_lines": 0}, "missing_lines": [179, 180, 181, 182, 183, 184, 185], "excluded_lines": []}, "WindowsActivityMonitor.is_supported": {"executed_lines": [], "summary": {"covered_lines": 0, "num_statements": 9, "percent_covered": 0.0, "percent_covered_display": "0", "missing_lines": 9, "excluded_lines": 0}, "missing_lines": [195, 196, 198, 199, 200, 201, 202, 203, 204], "excluded_lines": []}, "": {"executed_lines": [], "summary": {"covered_lines": 0, "num_statements": 11, "percent_covered": 0.0, "percent_covered_display": "0", "missing_lines": 11, "excluded_lines": 0}, "missing_lines": [8, 9, 10, 12, 15, 23, 72, 127, 172, 187, 188], "excluded_lines": []}}, "classes": {"WindowsActivityMonitor": {"executed_lines": [], "summary": {"covered_lines": 0, "num_statements": 85, "percent_covered": 0.0, "percent_covered_display": "0", "missing_lines": 85, "excluded_lines": 0}, "missing_lines": [32, 33, 34, 35, 37, 38, 41, 42, 43, 46, 47, 48, 49, 50, 51, 54, 55, 57, 59, 68, 69, 70, 84, 85, 87, 88, 90, 92, 93, 94, 96, 98, 99, 102, 103, 106, 107, 108, 110, 111, 113, 114, 115, 117, 119, 121, 122, 123, 124, 125, 138, 139, 140, 141, 143, 144, 146, 147, 148, 151, 152, 153, 154, 155, 156, 158, 160, 169, 170, 179, 180, 181, 182, 183, 184, 185, 195, 196, 198, 199, 200, 201, 202, 203, 204], "excluded_lines": []}, "": {"executed_lines": [], "summary": {"covered_lines": 0, "num_statements": 11, "percent_covered": 0.0, "percent_covered_display": "0", "missing_lines": 11, "excluded_lines": 0}, "missing_lines": [8, 9, 10, 12, 15, 23, 72, 127, 172, 187, 188], "excluded_lines": []}}}, "focus_guard\\core\\activity\\platform\\windows_session.py": {"executed_lines": [], "summary": {"covered_lines": 0, "num_statements": 128, "percent_covered": 0.0, "percent_covered_display": "0", "missing_lines": 128, "excluded_lines": 0}, "missing_lines": [8, 9, 10, 11, 12, 13, 14, 16, 19, 28, 29, 30, 31, 33, 35, 38, 41, 43, 45, 46, 47, 48, 49, 50, 51, 52, 53, 54, 56, 65, 68, 70, 71, 73, 76, 79, 80, 81, 82, 84, 86, 88, 91, 92, 93, 94, 95, 96, 97, 98, 99, 101, 102, 103, 105, 113, 115, 116, 117, 118, 121, 122, 124, 127, 128, 131, 132, 134, 135, 136, 137, 139, 146, 147, 148, 151, 152, 153, 155, 156, 157, 159, 161, 168, 169, 170, 172, 173, 175, 176, 178, 179, 180, 182, 188, 189, 193, 194, 195, 196, 197, 198, 200, 207, 208, 210, 211, 216, 217, 219, 220, 221, 223, 224, 225, 227, 228, 235, 236, 238, 239, 240, 241, 242, 246, 254, 255, 263], "excluded_lines": [], "functions": {"WindowsSessionMonitor.__init__": {"executed_lines": [], "summary": {"covered_lines": 0, "num_statements": 3, "percent_covered": 0.0, "percent_covered_display": "0", "missing_lines": 3, "excluded_lines": 0}, "missing_lines": [35, 38, 41], "excluded_lines": []}, "WindowsSessionMonitor._init_wmi": {"executed_lines": [], "summary": {"covered_lines": 0, "num_statements": 10, "percent_covered": 0.0, "percent_covered_display": "0", "missing_lines": 10, "excluded_lines": 0}, "missing_lines": [45, 46, 47, 48, 49, 50, 51, 52, 53, 54], "excluded_lines": []}, "WindowsSessionMonitor._monitoring_loop": {"executed_lines": [], "summary": {"covered_lines": 0, "num_statements": 10, "percent_covered": 0.0, "percent_covered_display": "0", "missing_lines": 10, "excluded_lines": 0}, "missing_lines": [65, 68, 70, 71, 73, 76, 79, 80, 81, 82], "excluded_lines": []}, "WindowsSessionMonitor._check_current_session_state": {"executed_lines": [], "summary": {"covered_lines": 0, "num_statements": 14, "percent_covered": 0.0, "percent_covered_display": "0", "missing_lines": 14, "excluded_lines": 0}, "missing_lines": [86, 88, 91, 92, 93, 94, 95, 96, 97, 98, 99, 101, 102, 103], "excluded_lines": []}, "WindowsSessionMonitor._get_session_state": {"executed_lines": [], "summary": {"covered_lines": 0, "num_statements": 16, "percent_covered": 0.0, "percent_covered_display": "0", "missing_lines": 16, "excluded_lines": 0}, "missing_lines": [113, 115, 116, 117, 118, 121, 122, 124, 127, 128, 131, 132, 134, 135, 136, 137], "excluded_lines": []}, "WindowsSessionMonitor._is_workstation_locked": {"executed_lines": [], "summary": {"covered_lines": 0, "num_statements": 10, "percent_covered": 0.0, "percent_covered_display": "0", "missing_lines": 10, "excluded_lines": 0}, "missing_lines": [146, 147, 148, 151, 152, 153, 155, 156, 157, 159], "excluded_lines": []}, "WindowsSessionMonitor._get_active_user_name": {"executed_lines": [], "summary": {"covered_lines": 0, "num_statements": 10, "percent_covered": 0.0, "percent_covered_display": "0", "missing_lines": 10, "excluded_lines": 0}, "missing_lines": [168, 169, 170, 172, 173, 175, 176, 178, 179, 180], "excluded_lines": []}, "WindowsSessionMonitor._check_idle_state": {"executed_lines": [], "summary": {"covered_lines": 0, "num_statements": 8, "percent_covered": 0.0, "percent_covered_display": "0", "missing_lines": 8, "excluded_lines": 0}, "missing_lines": [188, 189, 193, 194, 195, 196, 197, 198], "excluded_lines": []}, "WindowsSessionMonitor._get_idle_time": {"executed_lines": [], "summary": {"covered_lines": 0, "num_statements": 12, "percent_covered": 0.0, "percent_covered_display": "0", "missing_lines": 12, "excluded_lines": 0}, "missing_lines": [207, 208, 210, 211, 216, 217, 219, 220, 221, 223, 224, 225], "excluded_lines": []}, "WindowsSessionMonitor.is_supported": {"executed_lines": [], "summary": {"covered_lines": 0, "num_statements": 7, "percent_covered": 0.0, "percent_covered_display": "0", "missing_lines": 7, "excluded_lines": 0}, "missing_lines": [235, 236, 238, 239, 240, 241, 242], "excluded_lines": []}, "create_session_monitor": {"executed_lines": [], "summary": {"covered_lines": 0, "num_statements": 3, "percent_covered": 0.0, "percent_covered_display": "0", "missing_lines": 3, "excluded_lines": 0}, "missing_lines": [254, 255, 263], "excluded_lines": []}, "": {"executed_lines": [], "summary": {"covered_lines": 0, "num_statements": 25, "percent_covered": 0.0, "percent_covered_display": "0", "missing_lines": 25, "excluded_lines": 0}, "missing_lines": [8, 9, 10, 11, 12, 13, 14, 16, 19, 28, 29, 30, 31, 33, 43, 56, 84, 105, 139, 161, 182, 200, 227, 228, 246], "excluded_lines": []}}, "classes": {"WindowsSessionMonitor": {"executed_lines": [], "summary": {"covered_lines": 0, "num_statements": 100, "percent_covered": 0.0, "percent_covered_display": "0", "missing_lines": 100, "excluded_lines": 0}, "missing_lines": [35, 38, 41, 45, 46, 47, 48, 49, 50, 51, 52, 53, 54, 65, 68, 70, 71, 73, 76, 79, 80, 81, 82, 86, 88, 91, 92, 93, 94, 95, 96, 97, 98, 99, 101, 102, 103, 113, 115, 116, 117, 118, 121, 122, 124, 127, 128, 131, 132, 134, 135, 136, 137, 146, 147, 148, 151, 152, 153, 155, 156, 157, 159, 168, 169, 170, 172, 173, 175, 176, 178, 179, 180, 188, 189, 193, 194, 195, 196, 197, 198, 207, 208, 210, 211, 216, 217, 219, 220, 221, 223, 224, 225, 235, 236, 238, 239, 240, 241, 242], "excluded_lines": []}, "WindowsSessionMonitor._get_idle_time.LASTINPUTINFO": {"executed_lines": [], "summary": {"covered_lines": 0, "num_statements": 0, "percent_covered": 100.0, "percent_covered_display": "100", "missing_lines": 0, "excluded_lines": 0}, "missing_lines": [], "excluded_lines": []}, "": {"executed_lines": [], "summary": {"covered_lines": 0, "num_statements": 28, "percent_covered": 0.0, "percent_covered_display": "0", "missing_lines": 28, "excluded_lines": 0}, "missing_lines": [8, 9, 10, 11, 12, 13, 14, 16, 19, 28, 29, 30, 31, 33, 43, 56, 84, 105, 139, 161, 182, 200, 227, 228, 246, 254, 255, 263], "excluded_lines": []}}}, "focus_guard\\core\\activity\\session_adapter.py": {"executed_lines": [], "summary": {"covered_lines": 0, "num_statements": 63, "percent_covered": 0.0, "percent_covered_display": "0", "missing_lines": 63, "excluded_lines": 0}, "missing_lines": [9, 10, 12, 13, 14, 19, 27, 29, 30, 31, 33, 34, 36, 38, 40, 43, 44, 47, 48, 51, 52, 55, 57, 65, 67, 68, 69, 70, 71, 72, 73, 74, 75, 76, 77, 78, 80, 82, 83, 84, 86, 88, 90, 91, 92, 96, 98, 107, 108, 109, 110, 111, 114, 116, 117, 118, 119, 120, 123, 126, 127, 128, 129], "excluded_lines": [], "functions": {"ActivitySessionAdapter.__init__": {"executed_lines": [], "summary": {"covered_lines": 0, "num_statements": 6, "percent_covered": 0.0, "percent_covered_display": "0", "missing_lines": 6, "excluded_lines": 0}, "missing_lines": [29, 30, 31, 33, 34, 36], "excluded_lines": []}, "ActivitySessionAdapter._configure_logger": {"executed_lines": [], "summary": {"covered_lines": 0, "num_statements": 8, "percent_covered": 0.0, "percent_covered_display": "0", "missing_lines": 8, "excluded_lines": 0}, "missing_lines": [40, 43, 44, 47, 48, 51, 52, 55], "excluded_lines": []}, "ActivitySessionAdapter.on_session_event": {"executed_lines": [], "summary": {"covered_lines": 0, "num_statements": 13, "percent_covered": 0.0, "percent_covered_display": "0", "missing_lines": 13, "excluded_lines": 0}, "missing_lines": [65, 67, 68, 69, 70, 71, 72, 73, 74, 75, 76, 77, 78], "excluded_lines": []}, "ActivitySessionAdapter.start": {"executed_lines": [], "summary": {"covered_lines": 0, "num_statements": 4, "percent_covered": 0.0, "percent_covered_display": "0", "missing_lines": 4, "excluded_lines": 0}, "missing_lines": [82, 83, 84, 86], "excluded_lines": []}, "ActivitySessionAdapter.stop": {"executed_lines": [], "summary": {"covered_lines": 0, "num_statements": 3, "percent_covered": 0.0, "percent_covered_display": "0", "missing_lines": 3, "excluded_lines": 0}, "missing_lines": [90, 91, 92], "excluded_lines": []}, "get_activity_session_adapter": {"executed_lines": [], "summary": {"covered_lines": 0, "num_statements": 5, "percent_covered": 0.0, "percent_covered_display": "0", "missing_lines": 5, "excluded_lines": 0}, "missing_lines": [107, 108, 109, 110, 111], "excluded_lines": []}, "start_session_monitoring": {"executed_lines": [], "summary": {"covered_lines": 0, "num_statements": 5, "percent_covered": 0.0, "percent_covered_display": "0", "missing_lines": 5, "excluded_lines": 0}, "missing_lines": [116, 117, 118, 119, 120], "excluded_lines": []}, "stop_session_monitoring": {"executed_lines": [], "summary": {"covered_lines": 0, "num_statements": 4, "percent_covered": 0.0, "percent_covered_display": "0", "missing_lines": 4, "excluded_lines": 0}, "missing_lines": [126, 127, 128, 129], "excluded_lines": []}, "": {"executed_lines": [], "summary": {"covered_lines": 0, "num_statements": 15, "percent_covered": 0.0, "percent_covered_display": "0", "missing_lines": 15, "excluded_lines": 0}, "missing_lines": [9, 10, 12, 13, 14, 19, 27, 38, 57, 80, 88, 96, 98, 114, 123], "excluded_lines": []}}, "classes": {"ActivitySessionAdapter": {"executed_lines": [], "summary": {"covered_lines": 0, "num_statements": 34, "percent_covered": 0.0, "percent_covered_display": "0", "missing_lines": 34, "excluded_lines": 0}, "missing_lines": [29, 30, 31, 33, 34, 36, 40, 43, 44, 47, 48, 51, 52, 55, 65, 67, 68, 69, 70, 71, 72, 73, 74, 75, 76, 77, 78, 82, 83, 84, 86, 90, 91, 92], "excluded_lines": []}, "": {"executed_lines": [], "summary": {"covered_lines": 0, "num_statements": 29, "percent_covered": 0.0, "percent_covered_display": "0", "missing_lines": 29, "excluded_lines": 0}, "missing_lines": [9, 10, 12, 13, 14, 19, 27, 38, 57, 80, 88, 96, 98, 107, 108, 109, 110, 111, 114, 116, 117, 118, 119, 120, 123, 126, 127, 128, 129], "excluded_lines": []}}}, "focus_guard\\core\\api\\api.py": {"executed_lines": [], "summary": {"covered_lines": 0, "num_statements": 228, "percent_covered": 0.0, "percent_covered_display": "0", "missing_lines": 228, "excluded_lines": 0}, "missing_lines": [8, 9, 11, 12, 13, 14, 15, 16, 17, 18, 19, 20, 23, 25, 26, 27, 28, 31, 33, 34, 35, 36, 39, 48, 51, 54, 57, 58, 61, 62, 65, 66, 69, 71, 73, 76, 79, 80, 81, 84, 85, 86, 87, 88, 90, 91, 92, 94, 97, 98, 99, 101, 103, 106, 107, 110, 111, 113, 115, 126, 128, 129, 132, 133, 134, 137, 138, 139, 141, 142, 143, 144, 147, 148, 149, 150, 151, 152, 155, 156, 157, 159, 160, 162, 163, 164, 167, 170, 171, 172, 173, 174, 176, 177, 178, 184, 185, 186, 188, 189, 191, 192, 193, 195, 196, 197, 199, 211, 212, 214, 225, 227, 230, 233, 234, 235, 236, 237, 238, 239, 240, 241, 243, 246, 247, 248, 249, 250, 251, 254, 255, 256, 257, 258, 261, 262, 264, 265, 266, 268, 279, 281, 282, 283, 284, 285, 288, 289, 290, 291, 294, 297, 298, 301, 302, 304, 307, 310, 312, 314, 315, 316, 318, 329, 331, 332, 333, 334, 335, 338, 341, 342, 343, 344, 347, 349, 350, 351, 353, 364, 366, 367, 368, 369, 370, 373, 374, 375, 376, 379, 382, 385, 386, 388, 391, 392, 394, 397, 400, 401, 403, 406, 408, 415, 416, 417, 419, 426, 428, 429, 430, 433, 434, 435, 439, 440, 441, 444, 445, 448, 449, 450, 452, 454, 455, 456, 457, 461], "excluded_lines": [], "functions": {"ClassifierBlockerAPI.__init__": {"executed_lines": [], "summary": {"covered_lines": 0, "num_statements": 10, "percent_covered": 0.0, "percent_covered_display": "0", "missing_lines": 10, "excluded_lines": 0}, "missing_lines": [51, 54, 57, 58, 61, 62, 65, 66, 69, 71], "excluded_lines": []}, "ClassifierBlockerAPI._setup_classifiers": {"executed_lines": [], "summary": {"covered_lines": 0, "num_statements": 17, "percent_covered": 0.0, "percent_covered_display": "0", "missing_lines": 17, "excluded_lines": 0}, "missing_lines": [76, 79, 80, 81, 84, 85, 86, 87, 88, 90, 91, 92, 94, 97, 98, 99, 101], "excluded_lines": []}, "ClassifierBlockerAPI._setup_blocking_strategies": {"executed_lines": [], "summary": {"covered_lines": 0, "num_statements": 5, "percent_covered": 0.0, "percent_covered_display": "0", "missing_lines": 5, "excluded_lines": 0}, "missing_lines": [106, 107, 110, 111, 113], "excluded_lines": []}, "ClassifierBlockerAPI.classify_domain_detailed": {"executed_lines": [], "summary": {"covered_lines": 0, "num_statements": 47, "percent_covered": 0.0, "percent_covered_display": "0", "missing_lines": 47, "excluded_lines": 0}, "missing_lines": [126, 128, 129, 132, 133, 134, 137, 138, 139, 141, 142, 143, 144, 147, 148, 149, 150, 151, 152, 155, 156, 157, 159, 160, 162, 163, 164, 167, 170, 171, 172, 173, 174, 176, 177, 178, 184, 185, 186, 188, 189, 191, 192, 193, 195, 196, 197], "excluded_lines": []}, "ClassifierBlockerAPI.classify_domain": {"executed_lines": [], "summary": {"covered_lines": 0, "num_statements": 2, "percent_covered": 0.0, "percent_covered_display": "0", "missing_lines": 2, "excluded_lines": 0}, "missing_lines": [211, 212], "excluded_lines": []}, "ClassifierBlockerAPI.classify_domain_with_context": {"executed_lines": [], "summary": {"covered_lines": 0, "num_statements": 29, "percent_covered": 0.0, "percent_covered_display": "0", "missing_lines": 29, "excluded_lines": 0}, "missing_lines": [225, 227, 230, 233, 234, 235, 236, 237, 238, 239, 240, 241, 243, 246, 247, 248, 249, 250, 251, 254, 255, 256, 257, 258, 261, 262, 264, 265, 266], "excluded_lines": []}, "ClassifierBlockerAPI.should_block_tab": {"executed_lines": [], "summary": {"covered_lines": 0, "num_statements": 22, "percent_covered": 0.0, "percent_covered_display": "0", "missing_lines": 22, "excluded_lines": 0}, "missing_lines": [279, 281, 282, 283, 284, 285, 288, 289, 290, 291, 294, 297, 298, 301, 302, 304, 307, 310, 312, 314, 315, 316], "excluded_lines": []}, "ClassifierBlockerAPI.get_blocking_reason": {"executed_lines": [], "summary": {"covered_lines": 0, "num_statements": 15, "percent_covered": 0.0, "percent_covered_display": "0", "missing_lines": 15, "excluded_lines": 0}, "missing_lines": [329, 331, 332, 333, 334, 335, 338, 341, 342, 343, 344, 347, 349, 350, 351], "excluded_lines": []}, "ClassifierBlockerAPI.check_blocking_with_details": {"executed_lines": [], "summary": {"covered_lines": 0, "num_statements": 27, "percent_covered": 0.0, "percent_covered_display": "0", "missing_lines": 27, "excluded_lines": 0}, "missing_lines": [364, 366, 367, 368, 369, 370, 373, 374, 375, 376, 379, 382, 385, 386, 388, 391, 392, 394, 397, 400, 401, 403, 406, 408, 415, 416, 417], "excluded_lines": []}, "ClassifierBlockerAPI.reload_configuration": {"executed_lines": [], "summary": {"covered_lines": 0, "num_statements": 20, "percent_covered": 0.0, "percent_covered_display": "0", "missing_lines": 20, "excluded_lines": 0}, "missing_lines": [426, 428, 429, 430, 433, 434, 435, 439, 440, 441, 444, 445, 448, 449, 450, 452, 454, 455, 456, 457], "excluded_lines": []}, "": {"executed_lines": [], "summary": {"covered_lines": 0, "num_statements": 34, "percent_covered": 0.0, "percent_covered_display": "0", "missing_lines": 34, "excluded_lines": 0}, "missing_lines": [8, 9, 11, 12, 13, 14, 15, 16, 17, 18, 19, 20, 23, 25, 26, 27, 28, 31, 33, 34, 35, 36, 39, 48, 73, 103, 115, 199, 214, 268, 318, 353, 419, 461], "excluded_lines": []}}, "classes": {"ClassificationResult": {"executed_lines": [], "summary": {"covered_lines": 0, "num_statements": 0, "percent_covered": 100.0, "percent_covered_display": "100", "missing_lines": 0, "excluded_lines": 0}, "missing_lines": [], "excluded_lines": []}, "BlockingResult": {"executed_lines": [], "summary": {"covered_lines": 0, "num_statements": 0, "percent_covered": 100.0, "percent_covered_display": "100", "missing_lines": 0, "excluded_lines": 0}, "missing_lines": [], "excluded_lines": []}, "ClassifierBlockerAPI": {"executed_lines": [], "summary": {"covered_lines": 0, "num_statements": 194, "percent_covered": 0.0, "percent_covered_display": "0", "missing_lines": 194, "excluded_lines": 0}, "missing_lines": [51, 54, 57, 58, 61, 62, 65, 66, 69, 71, 76, 79, 80, 81, 84, 85, 86, 87, 88, 90, 91, 92, 94, 97, 98, 99, 101, 106, 107, 110, 111, 113, 126, 128, 129, 132, 133, 134, 137, 138, 139, 141, 142, 143, 144, 147, 148, 149, 150, 151, 152, 155, 156, 157, 159, 160, 162, 163, 164, 167, 170, 171, 172, 173, 174, 176, 177, 178, 184, 185, 186, 188, 189, 191, 192, 193, 195, 196, 197, 211, 212, 225, 227, 230, 233, 234, 235, 236, 237, 238, 239, 240, 241, 243, 246, 247, 248, 249, 250, 251, 254, 255, 256, 257, 258, 261, 262, 264, 265, 266, 279, 281, 282, 283, 284, 285, 288, 289, 290, 291, 294, 297, 298, 301, 302, 304, 307, 310, 312, 314, 315, 316, 329, 331, 332, 333, 334, 335, 338, 341, 342, 343, 344, 347, 349, 350, 351, 364, 366, 367, 368, 369, 370, 373, 374, 375, 376, 379, 382, 385, 386, 388, 391, 392, 394, 397, 400, 401, 403, 406, 408, 415, 416, 417, 426, 428, 429, 430, 433, 434, 435, 439, 440, 441, 444, 445, 448, 449, 450, 452, 454, 455, 456, 457], "excluded_lines": []}, "": {"executed_lines": [], "summary": {"covered_lines": 0, "num_statements": 34, "percent_covered": 0.0, "percent_covered_display": "0", "missing_lines": 34, "excluded_lines": 0}, "missing_lines": [8, 9, 11, 12, 13, 14, 15, 16, 17, 18, 19, 20, 23, 25, 26, 27, 28, 31, 33, 34, 35, 36, 39, 48, 73, 103, 115, 199, 214, 268, 318, 353, 419, 461], "excluded_lines": []}}}, "focus_guard\\core\\api\\compat.py": {"executed_lines": [], "summary": {"covered_lines": 0, "num_statements": 63, "percent_covered": 0.0, "percent_covered_display": "0", "missing_lines": 63, "excluded_lines": 0}, "missing_lines": [10, 11, 12, 15, 17, 18, 19, 20, 21, 22, 23, 24, 25, 26, 27, 28, 29, 31, 32, 35, 38, 48, 49, 52, 66, 69, 81, 84, 87, 89, 90, 93, 106, 109, 111, 112, 115, 127, 130, 132, 133, 136, 145, 148, 150, 154, 159, 161, 163, 173, 175, 182, 186, 191, 193, 195, 206, 208, 218, 220, 227, 231, 232], "excluded_lines": [], "functions": {"map_category_to_legacy": {"executed_lines": [], "summary": {"covered_lines": 0, "num_statements": 4, "percent_covered": 0.0, "percent_covered_display": "0", "missing_lines": 4, "excluded_lines": 0}, "missing_lines": [48, 49, 52, 66], "excluded_lines": []}, "classify_domain": {"executed_lines": [], "summary": {"covered_lines": 0, "num_statements": 5, "percent_covered": 0.0, "percent_covered_display": "0", "missing_lines": 5, "excluded_lines": 0}, "missing_lines": [81, 84, 87, 89, 90], "excluded_lines": []}, "should_block_tab": {"executed_lines": [], "summary": {"covered_lines": 0, "num_statements": 4, "percent_covered": 0.0, "percent_covered_display": "0", "missing_lines": 4, "excluded_lines": 0}, "missing_lines": [106, 109, 111, 112], "excluded_lines": []}, "get_blocking_reason": {"executed_lines": [], "summary": {"covered_lines": 0, "num_statements": 4, "percent_covered": 0.0, "percent_covered_display": "0", "missing_lines": 4, "excluded_lines": 0}, "missing_lines": [127, 130, 132, 133], "excluded_lines": []}, "reload_configuration": {"executed_lines": [], "summary": {"covered_lines": 0, "num_statements": 3, "percent_covered": 0.0, "percent_covered_display": "0", "missing_lines": 3, "excluded_lines": 0}, "missing_lines": [145, 148, 150], "excluded_lines": []}, "DomainClassifierCompat.__init__": {"executed_lines": [], "summary": {"covered_lines": 0, "num_statements": 1, "percent_covered": 0.0, "percent_covered_display": "0", "missing_lines": 1, "excluded_lines": 0}, "missing_lines": [161], "excluded_lines": []}, "DomainClassifierCompat.classify_domain": {"executed_lines": [], "summary": {"covered_lines": 0, "num_statements": 1, "percent_covered": 0.0, "percent_covered_display": "0", "missing_lines": 1, "excluded_lines": 0}, "missing_lines": [173], "excluded_lines": []}, "DomainClassifierCompat.reload_config": {"executed_lines": [], "summary": {"covered_lines": 0, "num_statements": 1, "percent_covered": 0.0, "percent_covered_display": "0", "missing_lines": 1, "excluded_lines": 0}, "missing_lines": [182], "excluded_lines": []}, "BlockingManagerCompat.__init__": {"executed_lines": [], "summary": {"covered_lines": 0, "num_statements": 1, "percent_covered": 0.0, "percent_covered_display": "0", "missing_lines": 1, "excluded_lines": 0}, "missing_lines": [193], "excluded_lines": []}, "BlockingManagerCompat.should_block_tab": {"executed_lines": [], "summary": {"covered_lines": 0, "num_statements": 1, "percent_covered": 0.0, "percent_covered_display": "0", "missing_lines": 1, "excluded_lines": 0}, "missing_lines": [206], "excluded_lines": []}, "BlockingManagerCompat.get_blocking_reason": {"executed_lines": [], "summary": {"covered_lines": 0, "num_statements": 1, "percent_covered": 0.0, "percent_covered_display": "0", "missing_lines": 1, "excluded_lines": 0}, "missing_lines": [218], "excluded_lines": []}, "BlockingManagerCompat.reload_config": {"executed_lines": [], "summary": {"covered_lines": 0, "num_statements": 1, "percent_covered": 0.0, "percent_covered_display": "0", "missing_lines": 1, "excluded_lines": 0}, "missing_lines": [227], "excluded_lines": []}, "": {"executed_lines": [], "summary": {"covered_lines": 0, "num_statements": 36, "percent_covered": 0.0, "percent_covered_display": "0", "missing_lines": 36, "excluded_line
[...]
summary": {"covered_lines": 0, "num_statements": 20, "percent_covered": 0.0, "percent_covered_display": "0", "missing_lines": 20, "excluded_lines": 0}, "missing_lines": [5, 6, 7, 9, 11, 12, 14, 15, 18, 21, 29, 34, 55, 76, 118, 144, 169, 183, 201, 208], "excluded_lines": []}}, "classes": {"WindowsGUI": {"executed_lines": [], "summary": {"covered_lines": 0, "num_statements": 108, "percent_covered": 0.0, "percent_covered_display": "0", "missing_lines": 108, "excluded_lines": 0}, "missing_lines": [22, 23, 25, 26, 27, 31, 32, 36, 37, 38, 40, 41, 43, 44, 45, 46, 49, 50, 51, 53, 58, 59, 60, 61, 62, 63, 64, 65, 68, 69, 70, 71, 72, 73, 74, 78, 81, 82, 83, 85, 88, 89, 90, 92, 93, 94, 95, 97, 100, 101, 102, 104, 107, 108, 109, 111, 114, 115, 116, 120, 121, 122, 124, 125, 128, 129, 130, 131, 132, 134, 141, 142, 146, 147, 148, 150, 153, 154, 155, 156, 157, 159, 166, 167, 171, 172, 174, 175, 178, 180, 181, 185, 186, 188, 196, 198, 199, 203, 204, 206, 210, 211, 212, 214, 215, 217, 218, 219], "excluded_lines": []}, "": {"executed_lines": [], "summary": {"covered_lines": 0, "num_statements": 20, "percent_covered": 0.0, "percent_covered_display": "0", "missing_lines": 20, "excluded_lines": 0}, "missing_lines": [5, 6, 7, 9, 11, 12, 14, 15, 18, 21, 29, 34, 55, 76, 118, 144, 169, 183, 201, 208], "excluded_lines": []}}}, "focus_guard\\core\\platform_utils\\windows\\implementation.py": {"executed_lines": [], "summary": {"covered_lines": 0, "num_statements": 69, "percent_covered": 0.0, "percent_covered_display": "0", "missing_lines": 69, "excluded_lines": 0}, "missing_lines": [5, 6, 7, 8, 9, 11, 12, 15, 18, 19, 20, 21, 23, 25, 27, 28, 30, 32, 33, 36, 38, 39, 40, 41, 42, 43, 44, 46, 47, 48, 50, 52, 53, 54, 56, 58, 59, 60, 61, 62, 63, 64, 65, 67, 69, 70, 72, 73, 74, 75, 76, 77, 79, 81, 82, 83, 85, 87, 88, 90, 92, 95, 96, 99, 101, 102, 103, 105, 107], "excluded_lines": [], "functions": {"WindowsImplementation.__init__": {"executed_lines": [], "summary": {"covered_lines": 0, "num_statements": 3, "percent_covered": 0.0, "percent_covered_display": "0", "missing_lines": 3, "excluded_lines": 0}, "missing_lines": [19, 20, 21], "excluded_lines": []}, "WindowsImplementation.start_monitoring": {"executed_lines": [], "summary": {"covered_lines": 0, "num_statements": 21, "percent_covered": 0.0, "percent_covered_display": "0", "missing_lines": 21, "excluded_lines": 0}, "missing_lines": [25, 27, 28, 30, 32, 33, 36, 38, 39, 40, 41, 42, 43, 44, 46, 47, 48, 50, 52, 53, 54], "excluded_lines": []}, "WindowsImplementation.stop_monitoring": {"executed_lines": [], "summary": {"covered_lines": 0, "num_statements": 8, "percent_covered": 0.0, "percent_covered_display": "0", "missing_lines": 8, "excluded_lines": 0}, "missing_lines": [58, 59, 60, 61, 62, 63, 64, 65], "excluded_lines": []}, "WindowsImplementation.show_status": {"executed_lines": [], "summary": {"covered_lines": 0, "num_statements": 12, "percent_covered": 0.0, "percent_covered_display": "0", "missing_lines": 12, "excluded_lines": 0}, "missing_lines": [69, 70, 72, 73, 74, 75, 76, 77, 79, 81, 82, 83], "excluded_lines": []}, "WindowsImplementation.open_config": {"executed_lines": [], "summary": {"covered_lines": 0, "num_statements": 10, "percent_covered": 0.0, "percent_covered_display": "0", "missing_lines": 10, "excluded_lines": 0}, "missing_lines": [87, 88, 90, 92, 95, 96, 99, 101, 102, 103], "excluded_lines": []}, "WindowsImplementation.get_platform_info": {"executed_lines": [], "summary": {"covered_lines": 0, "num_statements": 1, "percent_covered": 0.0, "percent_covered_display": "0", "missing_lines": 1, "excluded_lines": 0}, "missing_lines": [107], "excluded_lines": []}, "": {"executed_lines": [], "summary": {"covered_lines": 0, "num_statements": 14, "percent_covered": 0.0, "percent_covered_display": "0", "missing_lines": 14, "excluded_lines": 0}, "missing_lines": [5, 6, 7, 8, 9, 11, 12, 15, 18, 23, 56, 67, 85, 105], "excluded_lines": []}}, "classes": {"WindowsImplementation": {"executed_lines": [], "summary": {"covered_lines": 0, "num_statements": 55, "percent_covered": 0.0, "percent_covered_display": "0", "missing_lines": 55, "excluded_lines": 0}, "missing_lines": [19, 20, 21, 25, 27, 28, 30, 32, 33, 36, 38, 39, 40, 41, 42, 43, 44, 46, 47, 48, 50, 52, 53, 54, 58, 59, 60, 61, 62, 63, 64, 65, 69, 70, 72, 73, 74, 75, 76, 77, 79, 81, 82, 83, 87, 88, 90, 92, 95, 96, 99, 101, 102, 103, 107], "excluded_lines": []}, "": {"executed_lines": [], "summary": {"covered_lines": 0, "num_statements": 14, "percent_covered": 0.0, "percent_covered_display": "0", "missing_lines": 14, "excluded_lines": 0}, "missing_lines": [5, 6, 7, 8, 9, 11, 12, 15, 18, 23, 56, 67, 85, 105], "excluded_lines": []}}}, "focus_guard\\core\\platform_utils\\windows\\windows_cli.py": {"executed_lines": [], "summary": {"covered_lines": 0, "num_statements": 103, "percent_covered": 0.0, "percent_covered_display": "0", "missing_lines": 103, "excluded_lines": 0}, "missing_lines": [5, 6, 7, 8, 9, 10, 12, 13, 16, 19, 21, 23, 25, 27, 29, 30, 32, 33, 36, 38, 39, 41, 42, 43, 44, 45, 47, 48, 49, 51, 52, 53, 55, 57, 59, 60, 61, 62, 63, 64, 65, 67, 69, 70, 72, 73, 74, 76, 77, 78, 79, 80, 82, 84, 85, 87, 89, 90, 91, 94, 97, 98, 105, 106, 108, 109, 111, 112, 114, 116, 117, 121, 122, 123, 128, 131, 132, 133, 134, 136, 137, 140, 141, 143, 144, 147, 148, 149, 151, 152, 155, 156, 158, 159, 162, 163, 165, 166, 167, 170, 172, 175, 176], "excluded_lines": [], "functions": {"WindowsCLI.__init__": {"executed_lines": [], "summary": {"covered_lines": 0, "num_statements": 1, "percent_covered": 0.0, "percent_covered_display": "0", "missing_lines": 1, "excluded_lines": 0}, "missing_lines": [21], "excluded_lines": []}, "WindowsCLI.start": {"executed_lines": [], "summary": {"covered_lines": 0, "num_statements": 20, "percent_covered": 0.0, "percent_covered_display": "0", "missing_lines": 20, "excluded_lines": 0}, "missing_lines": [25, 27, 29, 30, 32, 33, 36, 38, 39, 41, 42, 43, 44, 45, 47, 48, 49, 51, 52, 53], "excluded_lines": []}, "WindowsCLI.stop": {"executed_lines": [], "summary": {"covered_lines": 0, "num_statements": 8, "percent_covered": 0.0, "percent_covered_display": "0", "missing_lines": 8, "excluded_lines": 0}, "missing_lines": [57, 59, 60, 61, 62, 63, 64, 65], "excluded_lines": []}, "WindowsCLI.status": {"executed_lines": [], "summary": {"covered_lines": 0, "num_statements": 13, "percent_covered": 0.0, "percent_covered_display": "0", "missing_lines": 13, "excluded_lines": 0}, "missing_lines": [69, 70, 72, 73, 74, 76, 77, 78, 79, 80, 82, 84, 85], "excluded_lines": []}, "WindowsCLI.config": {"executed_lines": [], "summary": {"covered_lines": 0, "num_statements": 15, "percent_covered": 0.0, "percent_covered_display": "0", "missing_lines": 15, "excluded_lines": 0}, "missing_lines": [89, 90, 91, 94, 97, 98, 105, 106, 108, 109, 111, 112, 114, 116, 117], "excluded_lines": []}, "cli": {"executed_lines": [], "summary": {"covered_lines": 0, "num_statements": 1, "percent_covered": 0.0, "percent_covered_display": "0", "missing_lines": 1, "excluded_lines": 0}, "missing_lines": [128], "excluded_lines": []}, "start": {"executed_lines": [], "summary": {"covered_lines": 0, "num_statements": 2, "percent_covered": 0.0, "percent_covered_display": "0", "missing_lines": 2, "excluded_lines": 0}, "missing_lines": [136, 137], "excluded_lines": []}, "stop": {"executed_lines": [], "summary": {"covered_lines": 0, "num_statements": 2, "percent_covered": 0.0, "percent_covered_display": "0", "missing_lines": 2, "excluded_lines": 0}, "missing_lines": [143, 144], "excluded_lines": []}, "status": {"executed_lines": [], "summary": {"covered_lines": 0, "num_statements": 2, "percent_covered": 0.0, "percent_covered_display": "0", "missing_lines": 2, "excluded_lines": 0}, "missing_lines": [151, 152], "excluded_lines": []}, "config": {"executed_lines": [], "summary": {"covered_lines": 0, "num_statements": 2, "percent_covered": 0.0, "percent_covered_display": "0", "missing_lines": 2, "excluded_lines": 0}, "missing_lines": [158, 159], "excluded_lines": []}, "version": {"executed_lines": [], "summary": {"covered_lines": 0, "num_statements": 3, "percent_covered": 0.0, "percent_covered_display": "0", "missing_lines": 3, "excluded_lines": 0}, "missing_lines": [165, 166, 167], "excluded_lines": []}, "main": {"executed_lines": [], "summary": {"covered_lines": 0, "num_statements": 1, "percent_covered": 0.0, "percent_covered_display": "0", "missing_lines": 1, "excluded_lines": 0}, "missing_lines": [172], "excluded_lines": []}, "": {"executed_lines": [], "summary": {"covered_lines": 0, "num_statements": 33, "percent_covered": 0.0, "percent_covered_display": "0", "missing_lines": 33, "excluded_lines": 0}, "missing_lines": [5, 6, 7, 8, 9, 10, 12, 13, 16, 19, 23, 55, 67, 87, 121, 122, 123, 131, 132, 133, 134, 140, 141, 147, 148, 149, 155, 156, 162, 163, 170, 175, 176], "excluded_lines": []}}, "classes": {"WindowsCLI": {"executed_lines": [], "summary": {"covered_lines": 0, "num_statements": 57, "percent_covered": 0.0, "percent_covered_display": "0", "missing_lines": 57, "excluded_lines": 0}, "missing_lines": [21, 25, 27, 29, 30, 32, 33, 36, 38, 39, 41, 42, 43, 44, 45, 47, 48, 49, 51, 52, 53, 57, 59, 60, 61, 62, 63, 64, 65, 69, 70, 72, 73, 74, 76, 77, 78, 79, 80, 82, 84, 85, 89, 90, 91, 94, 97, 98, 105, 106, 108, 109, 111, 112, 114, 116, 117], "excluded_lines": []}, "": {"executed_lines": [], "summary": {"covered_lines": 0, "num_statements": 46, "percent_covered": 0.0, "percent_covered_display": "0", "missing_lines": 46, "excluded_lines": 0}, "missing_lines": [5, 6, 7, 8, 9, 10, 12, 13, 16, 19, 23, 55, 67, 87, 121, 122, 123, 128, 131, 132, 133, 134, 136, 137, 140, 141, 143, 144, 147, 148, 149, 151, 152, 155, 156, 158, 159, 162, 163, 165, 166, 167, 170, 172, 175, 176], "excluded_lines": []}}}, "focus_guard\\core\\platform_utils\\windows\\windows_config.py": {"executed_lines": [], "summary": {"covered_lines": 0, "num_statements": 71, "percent_covered": 0.0, "percent_covered_display": "0", "missing_lines": 71, "excluded_lines": 0}, "missing_lines": [5, 6, 7, 8, 11, 14, 16, 17, 20, 23, 25, 26, 28, 66, 68, 69, 70, 71, 72, 75, 76, 77, 79, 80, 81, 83, 85, 86, 87, 88, 89, 90, 91, 93, 95, 96, 97, 98, 99, 100, 101, 103, 105, 106, 108, 110, 111, 112, 113, 114, 115, 116, 118, 120, 122, 124, 126, 127, 128, 131, 132, 133, 134, 135, 136, 138, 140, 142, 144, 146, 174], "excluded_lines": [], "functions": {"WindowsConfig.__init__": {"executed_lines": [], "summary": {"covered_lines": 0, "num_statements": 4, "percent_covered": 0.0, "percent_covered_display": "0", "missing_lines": 4, "excluded_lines": 0}, "missing_lines": [16, 17, 20, 23], "excluded_lines": []}, "WindowsConfig.default_config": {"executed_lines": [], "summary": {"covered_lines": 0, "num_statements": 1, "percent_covered": 0.0, "percent_covered_display": "0", "missing_lines": 1, "excluded_lines": 0}, "missing_lines": [28], "excluded_lines": []}, "WindowsConfig.load_config": {"executed_lines": [], "summary": {"covered_lines": 0, "num_statements": 11, "percent_covered": 0.0, "percent_covered_display": "0", "missing_lines": 11, "excluded_lines": 0}, "missing_lines": [68, 69, 70, 71, 72, 75, 76, 77, 79, 80, 81], "excluded_lines": []}, "WindowsConfig.save_config": {"executed_lines": [], "summary": {"covered_lines": 0, "num_statements": 7, "percent_covered": 0.0, "percent_covered_display": "0", "missing_lines": 7, "excluded_lines": 0}, "missing_lines": [85, 86, 87, 88, 89, 90, 91], "excluded_lines": []}, "WindowsConfig.update_config": {"executed_lines": [], "summary": {"covered_lines": 0, "num_statements": 7, "percent_covered": 0.0, "percent_covered_display": "0", "missing_lines": 7, "excluded_lines": 0}, "missing_lines": [95, 96, 97, 98, 99, 100, 101], "excluded_lines": []}, "WindowsConfig.get": {"executed_lines": [], "summary": {"covered_lines": 0, "num_statements": 2, "percent_covered": 0.0, "percent_covered_display": "0", "missing_lines": 2, "excluded_lines": 0}, "missing_lines": [105, 106], "excluded_lines": []}, "WindowsConfig.set": {"executed_lines": [], "summary": {"covered_lines": 0, "num_statements": 7, "percent_covered": 0.0, "percent_covered_display": "0", "missing_lines": 7, "excluded_lines": 0}, "missing_lines": [110, 111, 112, 113, 114, 115, 116], "excluded_lines": []}, "WindowsConfig.reset_to_default": {"executed_lines": [], "summary": {"covered_lines": 0, "num_statements": 1, "percent_covered": 0.0, "percent_covered_display": "0", "missing_lines": 1, "excluded_lines": 0}, "missing_lines": [120], "excluded_lines": []}, "WindowsConfig.validate_config": {"executed_lines": [], "summary": {"covered_lines": 0, "num_statements": 11, "percent_covered": 0.0, "percent_covered_display": "0", "missing_lines": 11, "excluded_lines": 0}, "missing_lines": [124, 126, 127, 128, 131, 132, 133, 134, 135, 136, 138], "excluded_lines": []}, "WindowsConfig.get_config_path": {"executed_lines": [], "summary": {"covered_lines": 0, "num_statements": 1, "percent_covered": 0.0, "percent_covered_display": "0", "missing_lines": 1, "excluded_lines": 0}, "missing_lines": [142], "excluded_lines": []}, "WindowsConfig.create_config_template": {"executed_lines": [], "summary": {"covered_lines": 0, "num_statements": 2, "percent_covered": 0.0, "percent_covered_display": "0", "missing_lines": 2, "excluded_lines": 0}, "missing_lines": [146, 174], "excluded_lines": []}, "": {"executed_lines": [], "summary": {"covered_lines": 0, "num_statements": 17, "percent_covered": 0.0, "percent_covered_display": "0", "missing_lines": 17, "excluded_lines": 0}, "missing_lines": [5, 6, 7, 8, 11, 14, 25, 26, 66, 83, 93, 103, 108, 118, 122, 140, 144], "excluded_lines": []}}, "classes": {"WindowsConfig": {"executed_lines": [], "summary": {"covered_lines": 0, "num_statements": 54, "percent_covered": 0.0, "percent_covered_display": "0", "missing_lines": 54, "excluded_lines": 0}, "missing_lines": [16, 17, 20, 23, 28, 68, 69, 70, 71, 72, 75, 76, 77, 79, 80, 81, 85, 86, 87, 88, 89, 90, 91, 95, 96, 97, 98, 99, 100, 101, 105, 106, 110, 111, 112, 113, 114, 115, 116, 120, 124, 126, 127, 128, 131, 132, 133, 134, 135, 136, 138, 142, 146, 174], "excluded_lines": []}, "": {"executed_lines": [], "summary": {"covered_lines": 0, "num_statements": 17, "percent_covered": 0.0, "percent_covered_display": "0", "missing_lines": 17, "excluded_lines": 0}, "missing_lines": [5, 6, 7, 8, 11, 14, 25, 26, 66, 83, 93, 103, 108, 118, 122, 140, 144], "excluded_lines": []}}}, "focus_guard\\core\\platform_utils\\windows\\windows_tray.py": {"executed_lines": [], "summary": {"covered_lines": 0, "num_statements": 125, "percent_covered": 0.0, "percent_covered_display": "0", "missing_lines": 125, "excluded_lines": 0}, "missing_lines": [5, 6, 7, 10, 12, 13, 15, 16, 19, 22, 23, 24, 25, 27, 28, 29, 31, 32, 34, 37, 40, 43, 44, 45, 47, 50, 51, 52, 54, 55, 56, 57, 59, 62, 63, 64, 66, 69, 70, 71, 74, 75, 76, 79, 81, 84, 85, 87, 88, 89, 90, 91, 93, 96, 97, 98, 99, 100, 101, 103, 106, 108, 110, 111, 112, 114, 116, 117, 118, 120, 121, 124, 125, 126, 127, 128, 131, 138, 139, 141, 143, 144, 145, 147, 150, 151, 152, 153, 154, 157, 164, 165, 167, 169, 170, 172, 174, 177, 178, 180, 182, 183, 185, 187, 188, 190, 192, 194, 195, 196, 198, 199, 201, 202, 203, 205, 207, 210, 212, 213, 214, 216, 217, 220, 221], "excluded_lines": [], "functions": {"FocusGuardTrayApp.__init__": {"executed_lines": [], "summary": {"covered_lines": 0, "num_statements": 8, "percent_covered": 0.0, "percent_covered_display": "0", "missing_lines": 8, "excluded_lines": 0}, "missing_lines": [23, 24, 25, 27, 28, 29, 31, 32], "excluded_lines": []}, "FocusGuardTrayApp.setup_tray": {"executed_lines": [], "summary": {"covered_lines": 0, "num_statements": 25, "percent_covered": 0.0, "percent_covered_display": "0", "missing_lines": 25, "excluded_lines": 0}, "missing_lines": [37, 40, 43, 44, 45, 47, 50, 51, 52, 54, 55, 56, 57, 59, 62, 63, 64, 66, 69, 70, 71, 74, 75, 76, 79], "excluded_lines": []}, "FocusGuardTrayApp.create_tray_icon": {"executed_lines": [], "summary": {"covered_lines": 0, "num_statements": 16, "percent_covered": 0.0, "percent_covered_display": "0", "missing_lines": 16, "excluded_lines": 0}, "missing_lines": [84, 85, 87, 88, 89, 90, 91, 93, 96, 97, 98, 99, 100, 101, 103, 106], "excluded_lines": []}, "FocusGuardTrayApp.setup_timer": {"executed_lines": [], "summary": {"covered_lines": 0, "num_statements": 3, "percent_covered": 0.0, "percent_covered_display": "0", "missing_lines": 3, "excluded_lines": 0}, "missing_lines": [110, 111, 112], "excluded_lines": []}, "FocusGuardTrayApp.start_monitoring": {"executed_lines": [], "summary": {"covered_lines": 0, "num_statements": 13, "percent_covered": 0.0, "percent_covered_display": "0", "missing_lines": 13, "excluded_lines": 0}, "missing_lines": [116, 117, 118, 120, 121, 124, 125, 126, 127, 128, 131, 138, 139], "excluded_lines": []}, "FocusGuardTrayApp.stop_monitoring": {"executed_lines": [], "summary": {"covered_lines": 0, "num_statements": 12, "percent_covered": 0.0, "percent_covered_display": "0", "missing_lines": 12, "excluded_lines": 0}, "missing_lines": [143, 144, 145, 147, 150, 151, 152, 153, 154, 157, 164, 165], "excluded_lines": []}, "FocusGuardTrayApp.open_config": {"executed_lines": [], "summary": {"covered_lines": 0, "num_statements": 9, "percent_covered": 0.0, "percent_covered_display": "0", "missing_lines": 9, "excluded_lines": 0}, "missing_lines": [169, 170, 172, 174, 177, 178, 180, 182, 183], "excluded_lines": []}, "FocusGuardTrayApp.update_status": {"executed_lines": [], "summary": {"covered_lines": 0, "num_statements": 3, "percent_covered": 0.0, "percent_covered_display": "0", "missing_lines": 3, "excluded_lines": 0}, "missing_lines": [187, 188, 190], "excluded_lines": []}, "FocusGuardTrayApp.exit_app": {"executed_lines": [], "summary": {"covered_lines": 0, "num_statements": 8, "percent_covered": 0.0, "percent_covered_display": "0", "missing_lines": 8, "excluded_lines": 0}, "missing_lines": [194, 195, 196, 198, 199, 201, 202, 203], "excluded_lines": []}, "FocusGuardTrayApp.run": {"executed_lines": [], "summary": {"covered_lines": 0, "num_statements": 1, "percent_covered": 0.0, "percent_covered_display": "0", "missing_lines": 1, "excluded_lines": 0}, "missing_lines": [207], "excluded_lines": []}, "main": {"executed_lines": [], "summary": {"covered_lines": 0, "num_statements": 5, "percent_covered": 0.0, "percent_covered_display": "0", "missing_lines": 5, "excluded_lines": 0}, "missing_lines": [212, 213, 214, 216, 217], "excluded_lines": []}, "": {"executed_lines": [], "summary": {"covered_lines": 0, "num_statements": 22, "percent_covered": 0.0, "percent_covered_display": "0", "missing_lines": 22, "excluded_lines": 0}, "missing_lines": [5, 6, 7, 10, 12, 13, 15, 16, 19, 22, 34, 81, 108, 114, 141, 167, 185, 192, 205, 210, 220, 221], "excluded_lines": []}}, "classes": {"FocusGuardTrayApp": {"executed_lines": [], "summary": {"covered_lines": 0, "num_statements": 98, "percent_covered": 0.0, "percent_covered_display": "0", "missing_lines": 98, "excluded_lines": 0}, "missing_lines": [23, 24, 25, 27, 28, 29, 31, 32, 37, 40, 43, 44, 45, 47, 50, 51, 52, 54, 55, 56, 57, 59, 62, 63, 64, 66, 69, 70, 71, 74, 75, 76, 79, 84, 85, 87, 88, 89, 90, 91, 93, 96, 97, 98, 99, 100, 101, 103, 106, 110, 111, 112, 116, 117, 118, 120, 121, 124, 125, 126, 127, 128, 131, 138, 139, 143, 144, 145, 147, 150, 151, 152, 153, 154, 157, 164, 165, 169, 170, 172, 174, 177, 178, 180, 182, 183, 187, 188, 190, 194, 195, 196, 198, 199, 201, 202, 203, 207], "excluded_lines": []}, "": {"executed_lines": [], "summary": {"covered_lines": 0, "num_statements": 27, "percent_covered": 0.0, "percent_covered_display": "0", "missing_lines": 27, "excluded_lines": 0}, "missing_lines": [5, 6, 7, 10, 12, 13, 15, 16, 19, 22, 34, 81, 108, 114, 141, 167, 185, 192, 205, 210, 212, 213, 214, 216, 217, 220, 221], "excluded_lines": []}}}}, "totals": {"covered_lines": 37, "num_statements": 16140, "percent_covered": 0.22924411400247832, "percent_covered_display": "1", "missing_lines": 16103, "excluded_lines": 0}}